[31-May-2017 08:19:29 UTC] PHP Fatal error:  Uncaught ArgumentCountError: Too few arguments to function WC_Abstract_Order::get_item_total(), 0 passed in C:\xampp\htdocs\wordpressalepay\wp-content\plugins\woocommerce-gateway-nganluong-checkout\woocommerce-gateway-nganluong-checkout.php on line 299 and at least 1 expected in C:\xampp\htdocs\wordpressalepay\wp-content\plugins\woocommerce\includes\abstracts\abstract-wc-order.php:1219
Stack trace:
#0 C:\xampp\htdocs\wordpressalepay\wp-content\plugins\woocommerce-gateway-nganluong-checkout\woocommerce-gateway-nganluong-checkout.php(299): WC_Abstract_Order->get_item_total()
#1 C:\xampp\htdocs\wordpressalepay\wp-content\plugins\woocommerce-gateway-nganluong-checkout\woocommerce-gateway-nganluong-checkout.php(181): WC_Gateway_NganLuong->generate_NganLuongVN_url(101)
#2 C:\xampp\htdocs\wordpressalepay\wp-content\plugins\woocommerce\includes\class-wc-checkout.php(766): WC_Gateway_NganLuong->process_payment(101)
#3 C:\xampp\htdocs\wordpressalepay\wp-content\plugins\woocommerce\includes\class-wc-checkout.php(938): W in C:\xampp\htdocs\wordpressalepay\wp-content\plugins\woocommerce\includes\abstracts\abstract-wc-order.php on line 1219
[31-May-2017 08:20:01 UTC] PHP Fatal error:  Uncaught ArgumentCountError: Too few arguments to function WC_Abstract_Order::get_item_total(), 0 passed in C:\xampp\htdocs\wordpressalepay\wp-content\plugins\woocommerce-gateway-nganluong-checkout\woocommerce-gateway-nganluong-checkout.php on line 299 and at least 1 expected in C:\xampp\htdocs\wordpressalepay\wp-content\plugins\woocommerce\includes\abstracts\abstract-wc-order.php:1219
Stack trace:
#0 C:\xampp\htdocs\wordpressalepay\wp-content\plugins\woocommerce-gateway-nganluong-checkout\woocommerce-gateway-nganluong-checkout.php(299): WC_Abstract_Order->get_item_total()
#1 C:\xampp\htdocs\wordpressalepay\wp-content\plugins\woocommerce-gateway-nganluong-checkout\woocommerce-gateway-nganluong-checkout.php(181): WC_Gateway_NganLuong->generate_NganLuongVN_url(101)
#2 C:\xampp\htdocs\wordpressalepay\wp-content\plugins\woocommerce\includes\class-wc-checkout.php(766): WC_Gateway_NganLuong->process_payment(101)
#3 C:\xampp\htdocs\wordpressalepay\wp-content\plugins\woocommerce\includes\class-wc-checkout.php(938): W in C:\xampp\htdocs\wordpressalepay\wp-content\plugins\woocommerce\includes\abstracts\abstract-wc-order.php on line 1219
[31-May-2017 08:22:26 UTC] PHP Fatal error:  Uncaught Error: Class 'Alepay' not found in C:\xampp\htdocs\wordpressalepay\wp-content\plugins\woocommerce-gateway-nganluong-checkout\woocommerce-gateway-nganluong-checkout.php:205
Stack trace:
#0 C:\xampp\htdocs\wordpressalepay\wp-content\plugins\woocommerce-gateway-nganluong-checkout\woocommerce-gateway-nganluong-checkout.php(184): WC_Gateway_NganLuong->generate_NganLuongVN_url(101)
#1 C:\xampp\htdocs\wordpressalepay\wp-content\plugins\woocommerce\includes\class-wc-checkout.php(766): WC_Gateway_NganLuong->process_payment(101)
#2 C:\xampp\htdocs\wordpressalepay\wp-content\plugins\woocommerce\includes\class-wc-checkout.php(938): WC_Checkout->process_order_payment(101, 'alepay')
#3 C:\xampp\htdocs\wordpressalepay\wp-content\plugins\woocommerce\includes\class-wc-ajax.php(390): WC_Checkout->process_checkout()
#4 C:\xampp\htdocs\wordpressalepay\wp-includes\class-wp-hook.php(298): WC_AJAX::checkout('')
#5 C:\xampp\htdocs\wordpressalepay\wp-includes\class-wp-hook.php(323): WP_Hook->apply_filters('', Array)
#6 C:\xa in C:\xampp\htdocs\wordpressalepay\wp-content\plugins\woocommerce-gateway-nganluong-checkout\woocommerce-gateway-nganluong-checkout.php on line 205
[31-May-2017 08:23:05 UTC] PHP Fatal error:  Uncaught Error: Class 'Alepay' not found in C:\xampp\htdocs\wordpressalepay\wp-content\plugins\woocommerce-gateway-nganluong-checkout\woocommerce-gateway-nganluong-checkout.php:205
Stack trace:
#0 C:\xampp\htdocs\wordpressalepay\wp-content\plugins\woocommerce-gateway-nganluong-checkout\woocommerce-gateway-nganluong-checkout.php(184): WC_Gateway_NganLuong->generate_NganLuongVN_url(101)
#1 C:\xampp\htdocs\wordpressalepay\wp-content\plugins\woocommerce\includes\class-wc-checkout.php(766): WC_Gateway_NganLuong->process_payment(101)
#2 C:\xampp\htdocs\wordpressalepay\wp-content\plugins\woocommerce\includes\class-wc-checkout.php(938): WC_Checkout->process_order_payment(101, 'alepay')
#3 C:\xampp\htdocs\wordpressalepay\wp-content\plugins\woocommerce\includes\class-wc-ajax.php(390): WC_Checkout->process_checkout()
#4 C:\xampp\htdocs\wordpressalepay\wp-includes\class-wp-hook.php(298): WC_AJAX::checkout('')
#5 C:\xampp\htdocs\wordpressalepay\wp-includes\class-wp-hook.php(323): WP_Hook->apply_filters('', Array)
#6 C:\xa in C:\xampp\htdocs\wordpressalepay\wp-content\plugins\woocommerce-gateway-nganluong-checkout\woocommerce-gateway-nganluong-checkout.php on line 205
[31-May-2017 08:25:13 UTC] PHP Fatal error:  Uncaught Error: Class 'Alepay' not found in C:\xampp\htdocs\wordpressalepay\wp-content\plugins\woocommerce-gateway-nganluong-checkout\woocommerce-gateway-nganluong-checkout.php:205
Stack trace:
#0 C:\xampp\htdocs\wordpressalepay\wp-content\plugins\woocommerce-gateway-nganluong-checkout\woocommerce-gateway-nganluong-checkout.php(184): WC_Gateway_NganLuong->generate_NganLuongVN_url(101)
#1 C:\xampp\htdocs\wordpressalepay\wp-content\plugins\woocommerce\includes\class-wc-checkout.php(766): WC_Gateway_NganLuong->process_payment(101)
#2 C:\xampp\htdocs\wordpressalepay\wp-content\plugins\woocommerce\includes\class-wc-checkout.php(938): WC_Checkout->process_order_payment(101, 'alepay')
#3 C:\xampp\htdocs\wordpressalepay\wp-content\plugins\woocommerce\includes\class-wc-ajax.php(390): WC_Checkout->process_checkout()
#4 C:\xampp\htdocs\wordpressalepay\wp-includes\class-wp-hook.php(298): WC_AJAX::checkout('')
#5 C:\xampp\htdocs\wordpressalepay\wp-includes\class-wp-hook.php(323): WP_Hook->apply_filters('', Array)
#6 C:\xa in C:\xampp\htdocs\wordpressalepay\wp-content\plugins\woocommerce-gateway-nganluong-checkout\woocommerce-gateway-nganluong-checkout.php on line 205
[31-May-2017 08:28:32 UTC] PHP Fatal error:  Uncaught Error: Class 'Alepay' not found in C:\xampp\htdocs\wordpressalepay\wp-content\plugins\woocommerce-gateway-nganluong-checkout\woocommerce-gateway-nganluong-checkout.php:206
Stack trace:
#0 C:\xampp\htdocs\wordpressalepay\wp-content\plugins\woocommerce-gateway-nganluong-checkout\woocommerce-gateway-nganluong-checkout.php(184): WC_Gateway_NganLuong->generate_NganLuongVN_url(101)
#1 C:\xampp\htdocs\wordpressalepay\wp-content\plugins\woocommerce\includes\class-wc-checkout.php(766): WC_Gateway_NganLuong->process_payment(101)
#2 C:\xampp\htdocs\wordpressalepay\wp-content\plugins\woocommerce\includes\class-wc-checkout.php(938): WC_Checkout->process_order_payment(101, 'alepay')
#3 C:\xampp\htdocs\wordpressalepay\wp-content\plugins\woocommerce\includes\class-wc-ajax.php(390): WC_Checkout->process_checkout()
#4 C:\xampp\htdocs\wordpressalepay\wp-includes\class-wp-hook.php(298): WC_AJAX::checkout('')
#5 C:\xampp\htdocs\wordpressalepay\wp-includes\class-wp-hook.php(323): WP_Hook->apply_filters('', Array)
#6 C:\xa in C:\xampp\htdocs\wordpressalepay\wp-content\plugins\woocommerce-gateway-nganluong-checkout\woocommerce-gateway-nganluong-checkout.php on line 206
[31-May-2017 08:29:02 UTC] PHP Fatal error:  Uncaught Error: Class 'Alepay' not found in C:\xampp\htdocs\wordpressalepay\wp-content\plugins\woocommerce-gateway-nganluong-checkout\woocommerce-gateway-nganluong-checkout.php:206
Stack trace:
#0 C:\xampp\htdocs\wordpressalepay\wp-content\plugins\woocommerce-gateway-nganluong-checkout\woocommerce-gateway-nganluong-checkout.php(184): WC_Gateway_NganLuong->generate_NganLuongVN_url(101)
#1 C:\xampp\htdocs\wordpressalepay\wp-content\plugins\woocommerce\includes\class-wc-checkout.php(766): WC_Gateway_NganLuong->process_payment(101)
#2 C:\xampp\htdocs\wordpressalepay\wp-content\plugins\woocommerce\includes\class-wc-checkout.php(938): WC_Checkout->process_order_payment(101, 'alepay')
#3 C:\xampp\htdocs\wordpressalepay\wp-content\plugins\woocommerce\includes\class-wc-ajax.php(390): WC_Checkout->process_checkout()
#4 C:\xampp\htdocs\wordpressalepay\wp-includes\class-wp-hook.php(298): WC_AJAX::checkout('')
#5 C:\xampp\htdocs\wordpressalepay\wp-includes\class-wp-hook.php(323): WP_Hook->apply_filters('', Array)
#6 C:\xa in C:\xampp\htdocs\wordpressalepay\wp-content\plugins\woocommerce-gateway-nganluong-checkout\woocommerce-gateway-nganluong-checkout.php on line 206
[31-May-2017 08:33:30 UTC] PHP Fatal error:  Maximum execution time of 30 seconds exceeded in C:\xampp\htdocs\wordpressalepay\wp-includes\widgets\class-wp-nav-menu-widget.php on line 17
[31-May-2017 09:19:03 UTC] PHP Fatal error:  Uncaught Error: Class 'Alepay' not found in C:\xampp\htdocs\wordpressalepay\wp-content\plugins\woocommerce-gateway-nganluong-checkout\woocommerce-gateway-nganluong-checkout.php:206
Stack trace:
#0 C:\xampp\htdocs\wordpressalepay\wp-content\plugins\woocommerce-gateway-nganluong-checkout\woocommerce-gateway-nganluong-checkout.php(184): WC_Gateway_NganLuong->generate_NganLuongVN_url(101)
#1 C:\xampp\htdocs\wordpressalepay\wp-content\plugins\woocommerce\includes\class-wc-checkout.php(766): WC_Gateway_NganLuong->process_payment(101)
#2 C:\xampp\htdocs\wordpressalepay\wp-content\plugins\woocommerce\includes\class-wc-checkout.php(938): WC_Checkout->process_order_payment(101, 'alepay')
#3 C:\xampp\htdocs\wordpressalepay\wp-content\plugins\woocommerce\includes\class-wc-ajax.php(390): WC_Checkout->process_checkout()
#4 C:\xampp\htdocs\wordpressalepay\wp-includes\class-wp-hook.php(298): WC_AJAX::checkout('')
#5 C:\xampp\htdocs\wordpressalepay\wp-includes\class-wp-hook.php(323): WP_Hook->apply_filters('', Array)
#6 C:\xa in C:\xampp\htdocs\wordpressalepay\wp-content\plugins\woocommerce-gateway-nganluong-checkout\woocommerce-gateway-nganluong-checkout.php on line 206
[31-May-2017 09:21:53 UTC] PHP Fatal error:  Uncaught Error: Class 'Alepay' not found in C:\xampp\htdocs\wordpressalepay\wp-content\plugins\woocommerce-gateway-nganluong-checkout\woocommerce-gateway-nganluong-checkout.php:206
Stack trace:
#0 C:\xampp\htdocs\wordpressalepay\wp-content\plugins\woocommerce-gateway-nganluong-checkout\woocommerce-gateway-nganluong-checkout.php(184): WC_Gateway_NganLuong->generate_NganLuongVN_url(101)
#1 C:\xampp\htdocs\wordpressalepay\wp-content\plugins\woocommerce\includes\class-wc-checkout.php(766): WC_Gateway_NganLuong->process_payment(101)
#2 C:\xampp\htdocs\wordpressalepay\wp-content\plugins\woocommerce\includes\class-wc-checkout.php(938): WC_Checkout->process_order_payment(101, 'alepay')
#3 C:\xampp\htdocs\wordpressalepay\wp-content\plugins\woocommerce\includes\class-wc-ajax.php(390): WC_Checkout->process_checkout()
#4 C:\xampp\htdocs\wordpressalepay\wp-includes\class-wp-hook.php(298): WC_AJAX::checkout('')
#5 C:\xampp\htdocs\wordpressalepay\wp-includes\class-wp-hook.php(323): WP_Hook->apply_filters('', Array)
#6 C:\xa in C:\xampp\htdocs\wordpressalepay\wp-content\plugins\woocommerce-gateway-nganluong-checkout\woocommerce-gateway-nganluong-checkout.php on line 206
[01-Jun-2017 02:28:39 UTC] PHP Warning:  include(C:\xampp\htdocs\wordpressalepay\wp-content\plugins\woocommerce-gateway-nganluong-checkout/Libs/Utils/AlepayUtils.php): failed to open stream: No such file or directory in C:\xampp\htdocs\wordpressalepay\wp-content\plugins\woocommerce-gateway-nganluong-checkout\woocommerce-gateway-nganluong-checkout.php on line 429
[01-Jun-2017 02:28:39 UTC] PHP Warning:  include(): Failed opening 'C:\xampp\htdocs\wordpressalepay\wp-content\plugins\woocommerce-gateway-nganluong-checkout/Libs/Utils/AlepayUtils.php' for inclusion (include_path='C:\xampp\php\PEAR') in C:\xampp\htdocs\wordpressalepay\wp-content\plugins\woocommerce-gateway-nganluong-checkout\woocommerce-gateway-nganluong-checkout.php on line 429
[01-Jun-2017 02:28:42 UTC] PHP Warning:  include(C:\xampp\htdocs\wordpressalepay\wp-content\plugins\woocommerce-gateway-nganluong-checkout/Libs/Utils/AlepayUtils.php): failed to open stream: No such file or directory in C:\xampp\htdocs\wordpressalepay\wp-content\plugins\woocommerce-gateway-nganluong-checkout\woocommerce-gateway-nganluong-checkout.php on line 429
[01-Jun-2017 02:28:42 UTC] PHP Warning:  include(): Failed opening 'C:\xampp\htdocs\wordpressalepay\wp-content\plugins\woocommerce-gateway-nganluong-checkout/Libs/Utils/AlepayUtils.php' for inclusion (include_path='C:\xampp\php\PEAR') in C:\xampp\htdocs\wordpressalepay\wp-content\plugins\woocommerce-gateway-nganluong-checkout\woocommerce-gateway-nganluong-checkout.php on line 429
[01-Jun-2017 02:28:47 UTC] PHP Warning:  include(C:\xampp\htdocs\wordpressalepay\wp-content\plugins\woocommerce-gateway-nganluong-checkout/Libs/Utils/AlepayUtils.php): failed to open stream: No such file or directory in C:\xampp\htdocs\wordpressalepay\wp-content\plugins\woocommerce-gateway-nganluong-checkout\woocommerce-gateway-nganluong-checkout.php on line 429
[01-Jun-2017 02:28:47 UTC] PHP Warning:  include(): Failed opening 'C:\xampp\htdocs\wordpressalepay\wp-content\plugins\woocommerce-gateway-nganluong-checkout/Libs/Utils/AlepayUtils.php' for inclusion (include_path='C:\xampp\php\PEAR') in C:\xampp\htdocs\wordpressalepay\wp-content\plugins\woocommerce-gateway-nganluong-checkout\woocommerce-gateway-nganluong-checkout.php on line 429
[01-Jun-2017 02:30:38 UTC] PHP Warning:  include(C:\xampp\htdocs\wordpressalepay\wp-content\plugins\woocommerce-gateway-nganluong-checkoutLibs/Utils/AlepayUtils.php): failed to open stream: No such file or directory in C:\xampp\htdocs\wordpressalepay\wp-content\plugins\woocommerce-gateway-nganluong-checkout\woocommerce-gateway-nganluong-checkout.php on line 429
[01-Jun-2017 02:30:38 UTC] PHP Warning:  include(): Failed opening 'C:\xampp\htdocs\wordpressalepay\wp-content\plugins\woocommerce-gateway-nganluong-checkoutLibs/Utils/AlepayUtils.php' for inclusion (include_path='C:\xampp\php\PEAR') in C:\xampp\htdocs\wordpressalepay\wp-content\plugins\woocommerce-gateway-nganluong-checkout\woocommerce-gateway-nganluong-checkout.php on line 429
[01-Jun-2017 02:30:40 UTC] PHP Warning:  include(C:\xampp\htdocs\wordpressalepay\wp-content\plugins\woocommerce-gateway-nganluong-checkoutLibs/Utils/AlepayUtils.php): failed to open stream: No such file or directory in C:\xampp\htdocs\wordpressalepay\wp-content\plugins\woocommerce-gateway-nganluong-checkout\woocommerce-gateway-nganluong-checkout.php on line 429
[01-Jun-2017 02:30:40 UTC] PHP Warning:  include(): Failed opening 'C:\xampp\htdocs\wordpressalepay\wp-content\plugins\woocommerce-gateway-nganluong-checkoutLibs/Utils/AlepayUtils.php' for inclusion (include_path='C:\xampp\php\PEAR') in C:\xampp\htdocs\wordpressalepay\wp-content\plugins\woocommerce-gateway-nganluong-checkout\woocommerce-gateway-nganluong-checkout.php on line 429
[01-Jun-2017 02:30:42 UTC] PHP Warning:  include(C:\xampp\htdocs\wordpressalepay\wp-content\plugins\woocommerce-gateway-nganluong-checkoutLibs/Utils/AlepayUtils.php): failed to open stream: No such file or directory in C:\xampp\htdocs\wordpressalepay\wp-content\plugins\woocommerce-gateway-nganluong-checkout\woocommerce-gateway-nganluong-checkout.php on line 429
[01-Jun-2017 02:30:42 UTC] PHP Warning:  include(): Failed opening 'C:\xampp\htdocs\wordpressalepay\wp-content\plugins\woocommerce-gateway-nganluong-checkoutLibs/Utils/AlepayUtils.php' for inclusion (include_path='C:\xampp\php\PEAR') in C:\xampp\htdocs\wordpressalepay\wp-content\plugins\woocommerce-gateway-nganluong-checkout\woocommerce-gateway-nganluong-checkout.php on line 429
[01-Jun-2017 02:30:43 UTC] PHP Warning:  include(C:\xampp\htdocs\wordpressalepay\wp-content\plugins\woocommerce-gateway-nganluong-checkoutLibs/Utils/AlepayUtils.php): failed to open stream: No such file or directory in C:\xampp\htdocs\wordpressalepay\wp-content\plugins\woocommerce-gateway-nganluong-checkout\woocommerce-gateway-nganluong-checkout.php on line 429
[01-Jun-2017 02:30:43 UTC] PHP Warning:  include(): Failed opening 'C:\xampp\htdocs\wordpressalepay\wp-content\plugins\woocommerce-gateway-nganluong-checkoutLibs/Utils/AlepayUtils.php' for inclusion (include_path='C:\xampp\php\PEAR') in C:\xampp\htdocs\wordpressalepay\wp-content\plugins\woocommerce-gateway-nganluong-checkout\woocommerce-gateway-nganluong-checkout.php on line 429
[01-Jun-2017 02:30:46 UTC] PHP Warning:  include(C:\xampp\htdocs\wordpressalepay\wp-content\plugins\woocommerce-gateway-nganluong-checkoutLibs/Utils/AlepayUtils.php): failed to open stream: No such file or directory in C:\xampp\htdocs\wordpressalepay\wp-content\plugins\woocommerce-gateway-nganluong-checkout\woocommerce-gateway-nganluong-checkout.php on line 429
[01-Jun-2017 02:30:46 UTC] PHP Warning:  include(): Failed opening 'C:\xampp\htdocs\wordpressalepay\wp-content\plugins\woocommerce-gateway-nganluong-checkoutLibs/Utils/AlepayUtils.php' for inclusion (include_path='C:\xampp\php\PEAR') in C:\xampp\htdocs\wordpressalepay\wp-content\plugins\woocommerce-gateway-nganluong-checkout\woocommerce-gateway-nganluong-checkout.php on line 429
[01-Jun-2017 02:30:46 UTC] PHP Warning:  include(C:\xampp\htdocs\wordpressalepay\wp-content\plugins\woocommerce-gateway-nganluong-checkoutLibs/Utils/AlepayUtils.php): failed to open stream: No such file or directory in C:\xampp\htdocs\wordpressalepay\wp-content\plugins\woocommerce-gateway-nganluong-checkout\woocommerce-gateway-nganluong-checkout.php on line 429
[01-Jun-2017 02:30:46 UTC] PHP Warning:  include(): Failed opening 'C:\xampp\htdocs\wordpressalepay\wp-content\plugins\woocommerce-gateway-nganluong-checkoutLibs/Utils/AlepayUtils.php' for inclusion (include_path='C:\xampp\php\PEAR') in C:\xampp\htdocs\wordpressalepay\wp-content\plugins\woocommerce-gateway-nganluong-checkout\woocommerce-gateway-nganluong-checkout.php on line 429
[01-Jun-2017 02:30:47 UTC] PHP Warning:  include(C:\xampp\htdocs\wordpressalepay\wp-content\plugins\woocommerce-gateway-nganluong-checkoutLibs/Utils/AlepayUtils.php): failed to open stream: No such file or directory in C:\xampp\htdocs\wordpressalepay\wp-content\plugins\woocommerce-gateway-nganluong-checkout\woocommerce-gateway-nganluong-checkout.php on line 429
[01-Jun-2017 02:30:47 UTC] PHP Warning:  include(): Failed opening 'C:\xampp\htdocs\wordpressalepay\wp-content\plugins\woocommerce-gateway-nganluong-checkoutLibs/Utils/AlepayUtils.php' for inclusion (include_path='C:\xampp\php\PEAR') in C:\xampp\htdocs\wordpressalepay\wp-content\plugins\woocommerce-gateway-nganluong-checkout\woocommerce-gateway-nganluong-checkout.php on line 429
[01-Jun-2017 02:30:48 UTC] PHP Warning:  include(C:\xampp\htdocs\wordpressalepay\wp-content\plugins\woocommerce-gateway-nganluong-checkoutLibs/Utils/AlepayUtils.php): failed to open stream: No such file or directory in C:\xampp\htdocs\wordpressalepay\wp-content\plugins\woocommerce-gateway-nganluong-checkout\woocommerce-gateway-nganluong-checkout.php on line 429
[01-Jun-2017 02:30:48 UTC] PHP Warning:  include(): Failed opening 'C:\xampp\htdocs\wordpressalepay\wp-content\plugins\woocommerce-gateway-nganluong-checkoutLibs/Utils/AlepayUtils.php' for inclusion (include_path='C:\xampp\php\PEAR') in C:\xampp\htdocs\wordpressalepay\wp-content\plugins\woocommerce-gateway-nganluong-checkout\woocommerce-gateway-nganluong-checkout.php on line 429
[01-Jun-2017 02:31:18 UTC] PHP Warning:  include(C:\xampp\htdocs\wordpressalepay\wp-content\plugins\woocommerce-gateway-nganluong-checkoutLibs/Utils/AlepayUtils.php): failed to open stream: No such file or directory in C:\xampp\htdocs\wordpressalepay\wp-content\plugins\woocommerce-gateway-nganluong-checkout\woocommerce-gateway-nganluong-checkout.php on line 429
[01-Jun-2017 02:31:18 UTC] PHP Warning:  include(): Failed opening 'C:\xampp\htdocs\wordpressalepay\wp-content\plugins\woocommerce-gateway-nganluong-checkoutLibs/Utils/AlepayUtils.php' for inclusion (include_path='C:\xampp\php\PEAR') in C:\xampp\htdocs\wordpressalepay\wp-content\plugins\woocommerce-gateway-nganluong-checkout\woocommerce-gateway-nganluong-checkout.php on line 429
[01-Jun-2017 02:31:20 UTC] PHP Warning:  include(C:\xampp\htdocs\wordpressalepay\wp-content\plugins\woocommerce-gateway-nganluong-checkoutLibs/Utils/AlepayUtils.php): failed to open stream: No such file or directory in C:\xampp\htdocs\wordpressalepay\wp-content\plugins\woocommerce-gateway-nganluong-checkout\woocommerce-gateway-nganluong-checkout.php on line 429
[01-Jun-2017 02:31:20 UTC] PHP Warning:  include(): Failed opening 'C:\xampp\htdocs\wordpressalepay\wp-content\plugins\woocommerce-gateway-nganluong-checkoutLibs/Utils/AlepayUtils.php' for inclusion (include_path='C:\xampp\php\PEAR') in C:\xampp\htdocs\wordpressalepay\wp-content\plugins\woocommerce-gateway-nganluong-checkout\woocommerce-gateway-nganluong-checkout.php on line 429
[01-Jun-2017 02:31:21 UTC] PHP Warning:  include(C:\xampp\htdocs\wordpressalepay\wp-content\plugins\woocommerce-gateway-nganluong-checkoutLibs/Utils/AlepayUtils.php): failed to open stream: No such file or directory in C:\xampp\htdocs\wordpressalepay\wp-content\plugins\woocommerce-gateway-nganluong-checkout\woocommerce-gateway-nganluong-checkout.php on line 429
[01-Jun-2017 02:31:21 UTC] PHP Warning:  include(): Failed opening 'C:\xampp\htdocs\wordpressalepay\wp-content\plugins\woocommerce-gateway-nganluong-checkoutLibs/Utils/AlepayUtils.php' for inclusion (include_path='C:\xampp\php\PEAR') in C:\xampp\htdocs\wordpressalepay\wp-content\plugins\woocommerce-gateway-nganluong-checkout\woocommerce-gateway-nganluong-checkout.php on line 429
[01-Jun-2017 02:31:23 UTC] PHP Warning:  include(C:\xampp\htdocs\wordpressalepay\wp-content\plugins\woocommerce-gateway-nganluong-checkoutLibs/Utils/AlepayUtils.php): failed to open stream: No such file or directory in C:\xampp\htdocs\wordpressalepay\wp-content\plugins\woocommerce-gateway-nganluong-checkout\woocommerce-gateway-nganluong-checkout.php on line 429
[01-Jun-2017 02:31:23 UTC] PHP Warning:  include(): Failed opening 'C:\xampp\htdocs\wordpressalepay\wp-content\plugins\woocommerce-gateway-nganluong-checkoutLibs/Utils/AlepayUtils.php' for inclusion (include_path='C:\xampp\php\PEAR') in C:\xampp\htdocs\wordpressalepay\wp-content\plugins\woocommerce-gateway-nganluong-checkout\woocommerce-gateway-nganluong-checkout.php on line 429
[01-Jun-2017 02:31:24 UTC] PHP Warning:  include(C:\xampp\htdocs\wordpressalepay\wp-content\plugins\woocommerce-gateway-nganluong-checkoutLibs/Utils/AlepayUtils.php): failed to open stream: No such file or directory in C:\xampp\htdocs\wordpressalepay\wp-content\plugins\woocommerce-gateway-nganluong-checkout\woocommerce-gateway-nganluong-checkout.php on line 429
[01-Jun-2017 02:31:24 UTC] PHP Warning:  include(): Failed opening 'C:\xampp\htdocs\wordpressalepay\wp-content\plugins\woocommerce-gateway-nganluong-checkoutLibs/Utils/AlepayUtils.php' for inclusion (include_path='C:\xampp\php\PEAR') in C:\xampp\htdocs\wordpressalepay\wp-content\plugins\woocommerce-gateway-nganluong-checkout\woocommerce-gateway-nganluong-checkout.php on line 429
[01-Jun-2017 02:32:29 UTC] PHP Fatal error:  Uncaught Error: Class 'AlepayUtils' not found in C:\xampp\htdocs\wordpressalepay\wp-content\plugins\woocommerce-gateway-nganluong-checkout\woocommerce-gateway-nganluong-checkout.php:493
Stack trace:
#0 C:\xampp\htdocs\wordpressalepay\wp-content\plugins\woocommerce-gateway-nganluong-checkout\woocommerce-gateway-nganluong-checkout.php(231): Alepay->__construct(Array)
#1 C:\xampp\htdocs\wordpressalepay\wp-content\plugins\woocommerce-gateway-nganluong-checkout\woocommerce-gateway-nganluong-checkout.php(184): WC_Gateway_NganLuong->generate_NganLuongVN_url(102)
#2 C:\xampp\htdocs\wordpressalepay\wp-content\plugins\woocommerce\includes\class-wc-checkout.php(766): WC_Gateway_NganLuong->process_payment(102)
#3 C:\xampp\htdocs\wordpressalepay\wp-content\plugins\woocommerce\includes\class-wc-checkout.php(938): WC_Checkout->process_order_payment(102, 'alepay')
#4 C:\xampp\htdocs\wordpressalepay\wp-content\plugins\woocommerce\includes\class-wc-ajax.php(390): WC_Checkout->process_checkout()
#5 C:\xampp\htdocs\wordpressalep in C:\xampp\htdocs\wordpressalepay\wp-content\plugins\woocommerce-gateway-nganluong-checkout\woocommerce-gateway-nganluong-checkout.php on line 493
[01-Jun-2017 02:32:40 UTC] PHP Fatal error:  Uncaught Error: Class 'AlepayUtils' not found in C:\xampp\htdocs\wordpressalepay\wp-content\plugins\woocommerce-gateway-nganluong-checkout\woocommerce-gateway-nganluong-checkout.php:493
Stack trace:
#0 C:\xampp\htdocs\wordpressalepay\wp-content\plugins\woocommerce-gateway-nganluong-checkout\woocommerce-gateway-nganluong-checkout.php(231): Alepay->__construct(Array)
#1 C:\xampp\htdocs\wordpressalepay\wp-content\plugins\woocommerce-gateway-nganluong-checkout\woocommerce-gateway-nganluong-checkout.php(184): WC_Gateway_NganLuong->generate_NganLuongVN_url(102)
#2 C:\xampp\htdocs\wordpressalepay\wp-content\plugins\woocommerce\includes\class-wc-checkout.php(766): WC_Gateway_NganLuong->process_payment(102)
#3 C:\xampp\htdocs\wordpressalepay\wp-content\plugins\woocommerce\includes\class-wc-checkout.php(938): WC_Checkout->process_order_payment(102, 'alepay')
#4 C:\xampp\htdocs\wordpressalepay\wp-content\plugins\woocommerce\includes\class-wc-ajax.php(390): WC_Checkout->process_checkout()
#5 C:\xampp\htdocs\wordpressalep in C:\xampp\htdocs\wordpressalepay\wp-content\plugins\woocommerce-gateway-nganluong-checkout\woocommerce-gateway-nganluong-checkout.php on line 493
[01-Jun-2017 02:33:50 UTC] PHP Parse error:  syntax error, unexpected 'add_filter' (T_STRING), expecting function (T_FUNCTION) or const (T_CONST) in C:\xampp\htdocs\wordpressalepay\wp-content\plugins\woocommerce-gateway-nganluong-checkout\woocommerce-gateway-nganluong-checkout.php on line 841
[01-Jun-2017 02:35:02 UTC] PHP Fatal error:  Uncaught ArgumentCountError: Too few arguments to function WC_Abstract_Order::get_item_total(), 0 passed in C:\xampp\htdocs\wordpressalepay\wp-content\plugins\woocommerce-gateway-nganluong-checkout\woocommerce-gateway-nganluong-checkout.php on line 303 and at least 1 expected in C:\xampp\htdocs\wordpressalepay\wp-content\plugins\woocommerce\includes\abstracts\abstract-wc-order.php:1219
Stack trace:
#0 C:\xampp\htdocs\wordpressalepay\wp-content\plugins\woocommerce-gateway-nganluong-checkout\woocommerce-gateway-nganluong-checkout.php(303): WC_Abstract_Order->get_item_total()
#1 C:\xampp\htdocs\wordpressalepay\wp-content\plugins\woocommerce-gateway-nganluong-checkout\woocommerce-gateway-nganluong-checkout.php(184): WC_Gateway_NganLuong->generate_NganLuongVN_url(102)
#2 C:\xampp\htdocs\wordpressalepay\wp-content\plugins\woocommerce\includes\class-wc-checkout.php(766): WC_Gateway_NganLuong->process_payment(102)
#3 C:\xampp\htdocs\wordpressalepay\wp-content\plugins\woocommerce\includes\class-wc-checkout.php(938): W in C:\xampp\htdocs\wordpressalepay\wp-content\plugins\woocommerce\includes\abstracts\abstract-wc-order.php on line 1219
[01-Jun-2017 02:36:24 UTC] PHP Fatal error:  Uncaught ArgumentCountError: Too few arguments to function WC_Abstract_Order::get_item_total(), 0 passed in C:\xampp\htdocs\wordpressalepay\wp-content\plugins\woocommerce-gateway-nganluong-checkout\woocommerce-gateway-nganluong-checkout.php on line 303 and at least 1 expected in C:\xampp\htdocs\wordpressalepay\wp-content\plugins\woocommerce\includes\abstracts\abstract-wc-order.php:1219
Stack trace:
#0 C:\xampp\htdocs\wordpressalepay\wp-content\plugins\woocommerce-gateway-nganluong-checkout\woocommerce-gateway-nganluong-checkout.php(303): WC_Abstract_Order->get_item_total()
#1 C:\xampp\htdocs\wordpressalepay\wp-content\plugins\woocommerce-gateway-nganluong-checkout\woocommerce-gateway-nganluong-checkout.php(184): WC_Gateway_NganLuong->generate_NganLuongVN_url(102)
#2 C:\xampp\htdocs\wordpressalepay\wp-content\plugins\woocommerce\includes\class-wc-checkout.php(766): WC_Gateway_NganLuong->process_payment(102)
#3 C:\xampp\htdocs\wordpressalepay\wp-content\plugins\woocommerce\includes\class-wc-checkout.php(938): W in C:\xampp\htdocs\wordpressalepay\wp-content\plugins\woocommerce\includes\abstracts\abstract-wc-order.php on line 1219
[01-Jun-2017 02:36:57 UTC] PHP Fatal error:  Uncaught Error: Class 'Alepay' not found in C:\xampp\htdocs\wordpressalepay\wp-content\plugins\woocommerce-gateway-nganluong-checkout\woocommerce-gateway-nganluong-checkout.php:206
Stack trace:
#0 C:\xampp\htdocs\wordpressalepay\wp-content\plugins\woocommerce-gateway-nganluong-checkout\woocommerce-gateway-nganluong-checkout.php(184): WC_Gateway_NganLuong->generate_NganLuongVN_url(102)
#1 C:\xampp\htdocs\wordpressalepay\wp-content\plugins\woocommerce\includes\class-wc-checkout.php(766): WC_Gateway_NganLuong->process_payment(102)
#2 C:\xampp\htdocs\wordpressalepay\wp-content\plugins\woocommerce\includes\class-wc-checkout.php(938): WC_Checkout->process_order_payment(102, 'alepay')
#3 C:\xampp\htdocs\wordpressalepay\wp-content\plugins\woocommerce\includes\class-wc-ajax.php(390): WC_Checkout->process_checkout()
#4 C:\xampp\htdocs\wordpressalepay\wp-includes\class-wp-hook.php(298): WC_AJAX::checkout('')
#5 C:\xampp\htdocs\wordpressalepay\wp-includes\class-wp-hook.php(323): WP_Hook->apply_filters('', Array)
#6 C:\xa in C:\xampp\htdocs\wordpressalepay\wp-content\plugins\woocommerce-gateway-nganluong-checkout\woocommerce-gateway-nganluong-checkout.php on line 206
[01-Jun-2017 03:39:18 UTC] PHP Warning:  mysqli_real_connect(): (HY000/2002): No connection could be made because the target machine actively refused it.
 in C:\xampp\htdocs\wordpressalepay\wp-includes\wp-db.php on line 1538
[01-Jun-2017 03:39:28 UTC] PHP Warning:  mysqli_real_connect(): (HY000/2002): No connection could be made because the target machine actively refused it.
 in C:\xampp\htdocs\wordpressalepay\wp-includes\wp-db.php on line 1538
[01-Jun-2017 03:42:15 UTC] PHP Fatal error:  Uncaught Error: Class 'Alepay' not found in C:\xampp\htdocs\wordpressalepay\wp-content\plugins\woocommerce-gateway-nganluong-checkout\woocommerce-gateway-nganluong-checkout.php:207
Stack trace:
#0 C:\xampp\htdocs\wordpressalepay\wp-content\plugins\woocommerce-gateway-nganluong-checkout\woocommerce-gateway-nganluong-checkout.php(185): WC_Gateway_NganLuong->generate_NganLuongVN_url(103)
#1 C:\xampp\htdocs\wordpressalepay\wp-content\plugins\woocommerce\includes\class-wc-checkout.php(766): WC_Gateway_NganLuong->process_payment(103)
#2 C:\xampp\htdocs\wordpressalepay\wp-content\plugins\woocommerce\includes\class-wc-checkout.php(938): WC_Checkout->process_order_payment(103, 'alepay')
#3 C:\xampp\htdocs\wordpressalepay\wp-content\plugins\woocommerce\includes\class-wc-ajax.php(390): WC_Checkout->process_checkout()
#4 C:\xampp\htdocs\wordpressalepay\wp-includes\class-wp-hook.php(298): WC_AJAX::checkout('')
#5 C:\xampp\htdocs\wordpressalepay\wp-includes\class-wp-hook.php(323): WP_Hook->apply_filters('', Array)
#6 C:\xa in C:\xampp\htdocs\wordpressalepay\wp-content\plugins\woocommerce-gateway-nganluong-checkout\woocommerce-gateway-nganluong-checkout.php on line 207
[01-Jun-2017 03:44:28 UTC] PHP Fatal error:  Uncaught Error: Class 'Alepay' not found in C:\xampp\htdocs\wordpressalepay\wp-content\plugins\woocommerce-gateway-nganluong-checkout\woocommerce-gateway-nganluong-checkout.php:208
Stack trace:
#0 C:\xampp\htdocs\wordpressalepay\wp-content\plugins\woocommerce-gateway-nganluong-checkout\woocommerce-gateway-nganluong-checkout.php(186): WC_Gateway_NganLuong->generate_NganLuongVN_url(103)
#1 C:\xampp\htdocs\wordpressalepay\wp-content\plugins\woocommerce\includes\class-wc-checkout.php(766): WC_Gateway_NganLuong->process_payment(103)
#2 C:\xampp\htdocs\wordpressalepay\wp-content\plugins\woocommerce\includes\class-wc-checkout.php(938): WC_Checkout->process_order_payment(103, 'alepay')
#3 C:\xampp\htdocs\wordpressalepay\wp-content\plugins\woocommerce\includes\class-wc-ajax.php(390): WC_Checkout->process_checkout()
#4 C:\xampp\htdocs\wordpressalepay\wp-includes\class-wp-hook.php(298): WC_AJAX::checkout('')
#5 C:\xampp\htdocs\wordpressalepay\wp-includes\class-wp-hook.php(323): WP_Hook->apply_filters('', Array)
#6 C:\xa in C:\xampp\htdocs\wordpressalepay\wp-content\plugins\woocommerce-gateway-nganluong-checkout\woocommerce-gateway-nganluong-checkout.php on line 208
[01-Jun-2017 03:44:37 UTC] PHP Fatal error:  Uncaught Error: Class 'Alepay' not found in C:\xampp\htdocs\wordpressalepay\wp-content\plugins\woocommerce-gateway-nganluong-checkout\woocommerce-gateway-nganluong-checkout.php:208
Stack trace:
#0 C:\xampp\htdocs\wordpressalepay\wp-content\plugins\woocommerce-gateway-nganluong-checkout\woocommerce-gateway-nganluong-checkout.php(186): WC_Gateway_NganLuong->generate_NganLuongVN_url(103)
#1 C:\xampp\htdocs\wordpressalepay\wp-content\plugins\woocommerce\includes\class-wc-checkout.php(766): WC_Gateway_NganLuong->process_payment(103)
#2 C:\xampp\htdocs\wordpressalepay\wp-content\plugins\woocommerce\includes\class-wc-checkout.php(938): WC_Checkout->process_order_payment(103, 'alepay')
#3 C:\xampp\htdocs\wordpressalepay\wp-content\plugins\woocommerce\includes\class-wc-ajax.php(390): WC_Checkout->process_checkout()
#4 C:\xampp\htdocs\wordpressalepay\wp-includes\class-wp-hook.php(298): WC_AJAX::checkout('')
#5 C:\xampp\htdocs\wordpressalepay\wp-includes\class-wp-hook.php(323): WP_Hook->apply_filters('', Array)
#6 C:\xa in C:\xampp\htdocs\wordpressalepay\wp-content\plugins\woocommerce-gateway-nganluong-checkout\woocommerce-gateway-nganluong-checkout.php on line 208
[01-Jun-2017 03:47:57 UTC] PHP Fatal error:  Uncaught Error: Class 'Alepay' not found in C:\xampp\htdocs\wordpressalepay\wp-content\plugins\woocommerce-gateway-nganluong-checkout\woocommerce-gateway-nganluong-checkout.php:208
Stack trace:
#0 C:\xampp\htdocs\wordpressalepay\wp-content\plugins\woocommerce-gateway-nganluong-checkout\woocommerce-gateway-nganluong-checkout.php(186): WC_Gateway_NganLuong->generate_NganLuongVN_url(103)
#1 C:\xampp\htdocs\wordpressalepay\wp-content\plugins\woocommerce\includes\class-wc-checkout.php(766): WC_Gateway_NganLuong->process_payment(103)
#2 C:\xampp\htdocs\wordpressalepay\wp-content\plugins\woocommerce\includes\class-wc-checkout.php(938): WC_Checkout->process_order_payment(103, 'alepay')
#3 C:\xampp\htdocs\wordpressalepay\wp-content\plugins\woocommerce\includes\class-wc-ajax.php(390): WC_Checkout->process_checkout()
#4 C:\xampp\htdocs\wordpressalepay\wp-includes\class-wp-hook.php(298): WC_AJAX::checkout('')
#5 C:\xampp\htdocs\wordpressalepay\wp-includes\class-wp-hook.php(323): WP_Hook->apply_filters('', Array)
#6 C:\xa in C:\xampp\htdocs\wordpressalepay\wp-content\plugins\woocommerce-gateway-nganluong-checkout\woocommerce-gateway-nganluong-checkout.php on line 208
[01-Jun-2017 03:52:35 UTC] PHP Fatal error:  Uncaught ArgumentCountError: Too few arguments to function WC_Abstract_Order::get_item_total(), 0 passed in C:\xampp\htdocs\wordpressalepay\wp-content\plugins\woocommerce-gateway-nganluong-checkout\woocommerce-gateway-nganluong-checkout.php on line 305 and at least 1 expected in C:\xampp\htdocs\wordpressalepay\wp-content\plugins\woocommerce\includes\abstracts\abstract-wc-order.php:1219
Stack trace:
#0 C:\xampp\htdocs\wordpressalepay\wp-content\plugins\woocommerce-gateway-nganluong-checkout\woocommerce-gateway-nganluong-checkout.php(305): WC_Abstract_Order->get_item_total()
#1 C:\xampp\htdocs\wordpressalepay\wp-content\plugins\woocommerce-gateway-nganluong-checkout\woocommerce-gateway-nganluong-checkout.php(186): WC_Gateway_NganLuong->generate_NganLuongVN_url(103)
#2 C:\xampp\htdocs\wordpressalepay\wp-content\plugins\woocommerce\includes\class-wc-checkout.php(766): WC_Gateway_NganLuong->process_payment(103)
#3 C:\xampp\htdocs\wordpressalepay\wp-content\plugins\woocommerce\includes\class-wc-checkout.php(938): W in C:\xampp\htdocs\wordpressalepay\wp-content\plugins\woocommerce\includes\abstracts\abstract-wc-order.php on line 1219
[01-Jun-2017 03:57:21 UTC] PHP Deprecated:  Function mcrypt_create_iv() is deprecated in C:\xampp\htdocs\wordpressalepay\wp-content\plugins\woocommerce-gateway-nganluong-checkout\Lib\Crypt\Random.php on line 73
[01-Jun-2017 03:57:21 UTC] PHP Deprecated:  Function mcrypt_create_iv() is deprecated in C:\xampp\htdocs\wordpressalepay\wp-content\plugins\woocommerce-gateway-nganluong-checkout\Lib\Crypt\Random.php on line 73
[01-Jun-2017 03:57:21 UTC] PHP Deprecated:  Function mcrypt_create_iv() is deprecated in C:\xampp\htdocs\wordpressalepay\wp-content\plugins\woocommerce-gateway-nganluong-checkout\Lib\Crypt\Random.php on line 73
[01-Jun-2017 03:57:21 UTC] PHP Deprecated:  Function mcrypt_create_iv() is deprecated in C:\xampp\htdocs\wordpressalepay\wp-content\plugins\woocommerce-gateway-nganluong-checkout\Lib\Crypt\Random.php on line 73
[01-Jun-2017 03:57:21 UTC] PHP Deprecated:  Function mcrypt_create_iv() is deprecated in C:\xampp\htdocs\wordpressalepay\wp-content\plugins\woocommerce-gateway-nganluong-checkout\Lib\Crypt\Random.php on line 73
[01-Jun-2017 03:57:22 UTC] PHP Deprecated:  Function mcrypt_create_iv() is deprecated in C:\xampp\htdocs\wordpressalepay\wp-content\plugins\woocommerce-gateway-nganluong-checkout\Lib\Crypt\Random.php on line 73
[01-Jun-2017 03:57:22 UTC] PHP Deprecated:  Function mcrypt_create_iv() is deprecated in C:\xampp\htdocs\wordpressalepay\wp-content\plugins\woocommerce-gateway-nganluong-checkout\Lib\Crypt\Random.php on line 73
[01-Jun-2017 03:57:22 UTC] PHP Notice:  Undefined variable: nl_result in C:\xampp\htdocs\wordpressalepay\wp-content\plugins\woocommerce-gateway-nganluong-checkout\woocommerce-gateway-nganluong-checkout.php on line 346
[01-Jun-2017 03:57:22 UTC] PHP Notice:  Trying to get property of non-object in C:\xampp\htdocs\wordpressalepay\wp-content\plugins\woocommerce-gateway-nganluong-checkout\woocommerce-gateway-nganluong-checkout.php on line 346
[01-Jun-2017 03:58:20 UTC] PHP Deprecated:  Function mcrypt_create_iv() is deprecated in C:\xampp\htdocs\wordpressalepay\wp-content\plugins\woocommerce-gateway-nganluong-checkout\Lib\Crypt\Random.php on line 73
[01-Jun-2017 03:58:20 UTC] PHP Deprecated:  Function mcrypt_create_iv() is deprecated in C:\xampp\htdocs\wordpressalepay\wp-content\plugins\woocommerce-gateway-nganluong-checkout\Lib\Crypt\Random.php on line 73
[01-Jun-2017 03:58:20 UTC] PHP Deprecated:  Function mcrypt_create_iv() is deprecated in C:\xampp\htdocs\wordpressalepay\wp-content\plugins\woocommerce-gateway-nganluong-checkout\Lib\Crypt\Random.php on line 73
[01-Jun-2017 03:58:20 UTC] PHP Deprecated:  Function mcrypt_create_iv() is deprecated in C:\xampp\htdocs\wordpressalepay\wp-content\plugins\woocommerce-gateway-nganluong-checkout\Lib\Crypt\Random.php on line 73
[01-Jun-2017 03:58:20 UTC] PHP Deprecated:  Function mcrypt_create_iv() is deprecated in C:\xampp\htdocs\wordpressalepay\wp-content\plugins\woocommerce-gateway-nganluong-checkout\Lib\Crypt\Random.php on line 73
[01-Jun-2017 03:58:20 UTC] PHP Deprecated:  Function mcrypt_create_iv() is deprecated in C:\xampp\htdocs\wordpressalepay\wp-content\plugins\woocommerce-gateway-nganluong-checkout\Lib\Crypt\Random.php on line 73
[01-Jun-2017 03:58:20 UTC] PHP Deprecated:  Function mcrypt_create_iv() is deprecated in C:\xampp\htdocs\wordpressalepay\wp-content\plugins\woocommerce-gateway-nganluong-checkout\Lib\Crypt\Random.php on line 73
[01-Jun-2017 03:58:20 UTC] PHP Notice:  Undefined variable: nl_result in C:\xampp\htdocs\wordpressalepay\wp-content\plugins\woocommerce-gateway-nganluong-checkout\woocommerce-gateway-nganluong-checkout.php on line 347
[01-Jun-2017 03:58:20 UTC] PHP Notice:  Trying to get property of non-object in C:\xampp\htdocs\wordpressalepay\wp-content\plugins\woocommerce-gateway-nganluong-checkout\woocommerce-gateway-nganluong-checkout.php on line 347
[01-Jun-2017 04:06:17 UTC] PHP Deprecated:  Function mcrypt_create_iv() is deprecated in C:\xampp\htdocs\wordpressalepay\wp-content\plugins\woocommerce-gateway-nganluong-checkout\Lib\Crypt\Random.php on line 73
[01-Jun-2017 04:06:17 UTC] PHP Deprecated:  Function mcrypt_create_iv() is deprecated in C:\xampp\htdocs\wordpressalepay\wp-content\plugins\woocommerce-gateway-nganluong-checkout\Lib\Crypt\Random.php on line 73
[01-Jun-2017 04:06:17 UTC] PHP Deprecated:  Function mcrypt_create_iv() is deprecated in C:\xampp\htdocs\wordpressalepay\wp-content\plugins\woocommerce-gateway-nganluong-checkout\Lib\Crypt\Random.php on line 73
[01-Jun-2017 04:06:17 UTC] PHP Deprecated:  Function mcrypt_create_iv() is deprecated in C:\xampp\htdocs\wordpressalepay\wp-content\plugins\woocommerce-gateway-nganluong-checkout\Lib\Crypt\Random.php on line 73
[01-Jun-2017 04:06:17 UTC] PHP Deprecated:  Function mcrypt_create_iv() is deprecated in C:\xampp\htdocs\wordpressalepay\wp-content\plugins\woocommerce-gateway-nganluong-checkout\Lib\Crypt\Random.php on line 73
[01-Jun-2017 04:06:17 UTC] PHP Deprecated:  Function mcrypt_create_iv() is deprecated in C:\xampp\htdocs\wordpressalepay\wp-content\plugins\woocommerce-gateway-nganluong-checkout\Lib\Crypt\Random.php on line 73
[01-Jun-2017 04:06:17 UTC] PHP Deprecated:  Function mcrypt_create_iv() is deprecated in C:\xampp\htdocs\wordpressalepay\wp-content\plugins\woocommerce-gateway-nganluong-checkout\Lib\Crypt\Random.php on line 73
[01-Jun-2017 04:06:24 UTC] PHP Notice:  Undefined variable: nl_result in C:\xampp\htdocs\wordpressalepay\wp-content\plugins\woocommerce-gateway-nganluong-checkout\woocommerce-gateway-nganluong-checkout.php on line 348
[01-Jun-2017 04:06:24 UTC] PHP Notice:  Trying to get property of non-object in C:\xampp\htdocs\wordpressalepay\wp-content\plugins\woocommerce-gateway-nganluong-checkout\woocommerce-gateway-nganluong-checkout.php on line 348
[01-Jun-2017 04:10:37 UTC] PHP Deprecated:  Function mcrypt_create_iv() is deprecated in C:\xampp\htdocs\wordpressalepay\wp-content\plugins\woocommerce-gateway-nganluong-checkout\Lib\Crypt\Random.php on line 73
[01-Jun-2017 04:10:37 UTC] PHP Deprecated:  Function mcrypt_create_iv() is deprecated in C:\xampp\htdocs\wordpressalepay\wp-content\plugins\woocommerce-gateway-nganluong-checkout\Lib\Crypt\Random.php on line 73
[01-Jun-2017 04:10:37 UTC] PHP Deprecated:  Function mcrypt_create_iv() is deprecated in C:\xampp\htdocs\wordpressalepay\wp-content\plugins\woocommerce-gateway-nganluong-checkout\Lib\Crypt\Random.php on line 73
[01-Jun-2017 04:10:38 UTC] PHP Deprecated:  Function mcrypt_create_iv() is deprecated in C:\xampp\htdocs\wordpressalepay\wp-content\plugins\woocommerce-gateway-nganluong-checkout\Lib\Crypt\Random.php on line 73
[01-Jun-2017 04:10:38 UTC] PHP Deprecated:  Function mcrypt_create_iv() is deprecated in C:\xampp\htdocs\wordpressalepay\wp-content\plugins\woocommerce-gateway-nganluong-checkout\Lib\Crypt\Random.php on line 73
[01-Jun-2017 04:10:38 UTC] PHP Deprecated:  Function mcrypt_create_iv() is deprecated in C:\xampp\htdocs\wordpressalepay\wp-content\plugins\woocommerce-gateway-nganluong-checkout\Lib\Crypt\Random.php on line 73
[01-Jun-2017 04:10:38 UTC] PHP Deprecated:  Function mcrypt_create_iv() is deprecated in C:\xampp\htdocs\wordpressalepay\wp-content\plugins\woocommerce-gateway-nganluong-checkout\Lib\Crypt\Random.php on line 73
[01-Jun-2017 04:10:38 UTC] PHP Deprecated:  Function mcrypt_create_iv() is deprecated in C:\xampp\htdocs\wordpressalepay\wp-content\plugins\woocommerce-gateway-nganluong-checkout\Lib\Crypt\Random.php on line 73
[01-Jun-2017 04:10:40 UTC] PHP Notice:  Undefined variable: nl_result in C:\xampp\htdocs\wordpressalepay\wp-content\plugins\woocommerce-gateway-nganluong-checkout\woocommerce-gateway-nganluong-checkout.php on line 347
[01-Jun-2017 04:10:40 UTC] PHP Notice:  Trying to get property of non-object in C:\xampp\htdocs\wordpressalepay\wp-content\plugins\woocommerce-gateway-nganluong-checkout\woocommerce-gateway-nganluong-checkout.php on line 347
[01-Jun-2017 04:11:40 UTC] PHP Deprecated:  Function mcrypt_create_iv() is deprecated in C:\xampp\htdocs\wordpressalepay\wp-content\plugins\woocommerce-gateway-nganluong-checkout\Lib\Crypt\Random.php on line 73
[01-Jun-2017 04:11:40 UTC] PHP Deprecated:  Function mcrypt_create_iv() is deprecated in C:\xampp\htdocs\wordpressalepay\wp-content\plugins\woocommerce-gateway-nganluong-checkout\Lib\Crypt\Random.php on line 73
[01-Jun-2017 04:11:40 UTC] PHP Deprecated:  Function mcrypt_create_iv() is deprecated in C:\xampp\htdocs\wordpressalepay\wp-content\plugins\woocommerce-gateway-nganluong-checkout\Lib\Crypt\Random.php on line 73
[01-Jun-2017 04:11:40 UTC] PHP Deprecated:  Function mcrypt_create_iv() is deprecated in C:\xampp\htdocs\wordpressalepay\wp-content\plugins\woocommerce-gateway-nganluong-checkout\Lib\Crypt\Random.php on line 73
[01-Jun-2017 04:11:40 UTC] PHP Deprecated:  Function mcrypt_create_iv() is deprecated in C:\xampp\htdocs\wordpressalepay\wp-content\plugins\woocommerce-gateway-nganluong-checkout\Lib\Crypt\Random.php on line 73
[01-Jun-2017 04:11:40 UTC] PHP Deprecated:  Function mcrypt_create_iv() is deprecated in C:\xampp\htdocs\wordpressalepay\wp-content\plugins\woocommerce-gateway-nganluong-checkout\Lib\Crypt\Random.php on line 73
[01-Jun-2017 04:11:40 UTC] PHP Deprecated:  Function mcrypt_create_iv() is deprecated in C:\xampp\htdocs\wordpressalepay\wp-content\plugins\woocommerce-gateway-nganluong-checkout\Lib\Crypt\Random.php on line 73
[01-Jun-2017 04:14:17 UTC] PHP Deprecated:  Function mcrypt_create_iv() is deprecated in C:\xampp\htdocs\wordpressalepay\wp-content\plugins\woocommerce-gateway-nganluong-checkout\Lib\Crypt\Random.php on line 73
[01-Jun-2017 04:14:17 UTC] PHP Deprecated:  Function mcrypt_create_iv() is deprecated in C:\xampp\htdocs\wordpressalepay\wp-content\plugins\woocommerce-gateway-nganluong-checkout\Lib\Crypt\Random.php on line 73
[01-Jun-2017 04:14:17 UTC] PHP Deprecated:  Function mcrypt_create_iv() is deprecated in C:\xampp\htdocs\wordpressalepay\wp-content\plugins\woocommerce-gateway-nganluong-checkout\Lib\Crypt\Random.php on line 73
[01-Jun-2017 04:14:17 UTC] PHP Deprecated:  Function mcrypt_create_iv() is deprecated in C:\xampp\htdocs\wordpressalepay\wp-content\plugins\woocommerce-gateway-nganluong-checkout\Lib\Crypt\Random.php on line 73
[01-Jun-2017 04:14:17 UTC] PHP Deprecated:  Function mcrypt_create_iv() is deprecated in C:\xampp\htdocs\wordpressalepay\wp-content\plugins\woocommerce-gateway-nganluong-checkout\Lib\Crypt\Random.php on line 73
[01-Jun-2017 04:14:17 UTC] PHP Deprecated:  Function mcrypt_create_iv() is deprecated in C:\xampp\htdocs\wordpressalepay\wp-content\plugins\woocommerce-gateway-nganluong-checkout\Lib\Crypt\Random.php on line 73
[01-Jun-2017 04:14:18 UTC] PHP Deprecated:  Function mcrypt_create_iv() is deprecated in C:\xampp\htdocs\wordpressalepay\wp-content\plugins\woocommerce-gateway-nganluong-checkout\Lib\Crypt\Random.php on line 73
[01-Jun-2017 05:47:03 UTC] PHP Deprecated:  Function mcrypt_create_iv() is deprecated in C:\xampp\htdocs\wordpressalepay\wp-content\plugins\woocommerce-gateway-nganluong-checkout\Lib\Crypt\Random.php on line 73
[01-Jun-2017 05:47:03 UTC] PHP Deprecated:  Function mcrypt_create_iv() is deprecated in C:\xampp\htdocs\wordpressalepay\wp-content\plugins\woocommerce-gateway-nganluong-checkout\Lib\Crypt\Random.php on line 73
[01-Jun-2017 05:47:03 UTC] PHP Deprecated:  Function mcrypt_create_iv() is deprecated in C:\xampp\htdocs\wordpressalepay\wp-content\plugins\woocommerce-gateway-nganluong-checkout\Lib\Crypt\Random.php on line 73
[01-Jun-2017 05:47:03 UTC] PHP Deprecated:  Function mcrypt_create_iv() is deprecated in C:\xampp\htdocs\wordpressalepay\wp-content\plugins\woocommerce-gateway-nganluong-checkout\Lib\Crypt\Random.php on line 73
[01-Jun-2017 05:47:04 UTC] PHP Deprecated:  Function mcrypt_create_iv() is deprecated in C:\xampp\htdocs\wordpressalepay\wp-content\plugins\woocommerce-gateway-nganluong-checkout\Lib\Crypt\Random.php on line 73
[01-Jun-2017 05:47:04 UTC] PHP Deprecated:  Function mcrypt_create_iv() is deprecated in C:\xampp\htdocs\wordpressalepay\wp-content\plugins\woocommerce-gateway-nganluong-checkout\Lib\Crypt\Random.php on line 73
[01-Jun-2017 05:47:04 UTC] PHP Deprecated:  Function mcrypt_create_iv() is deprecated in C:\xampp\htdocs\wordpressalepay\wp-content\plugins\woocommerce-gateway-nganluong-checkout\Lib\Crypt\Random.php on line 73
[01-Jun-2017 05:55:13 UTC] PHP Deprecated:  Function mcrypt_create_iv() is deprecated in C:\xampp\htdocs\wordpressalepay\wp-content\plugins\woocommerce-gateway-nganluong-checkout\Lib\Crypt\Random.php on line 73
[01-Jun-2017 05:55:14 UTC] PHP Deprecated:  Function mcrypt_create_iv() is deprecated in C:\xampp\htdocs\wordpressalepay\wp-content\plugins\woocommerce-gateway-nganluong-checkout\Lib\Crypt\Random.php on line 73
[01-Jun-2017 05:55:14 UTC] PHP Deprecated:  Function mcrypt_create_iv() is deprecated in C:\xampp\htdocs\wordpressalepay\wp-content\plugins\woocommerce-gateway-nganluong-checkout\Lib\Crypt\Random.php on line 73
[01-Jun-2017 05:55:14 UTC] PHP Deprecated:  Function mcrypt_create_iv() is deprecated in C:\xampp\htdocs\wordpressalepay\wp-content\plugins\woocommerce-gateway-nganluong-checkout\Lib\Crypt\Random.php on line 73
[01-Jun-2017 05:55:14 UTC] PHP Deprecated:  Function mcrypt_create_iv() is deprecated in C:\xampp\htdocs\wordpressalepay\wp-content\plugins\woocommerce-gateway-nganluong-checkout\Lib\Crypt\Random.php on line 73
[01-Jun-2017 05:55:14 UTC] PHP Deprecated:  Function mcrypt_create_iv() is deprecated in C:\xampp\htdocs\wordpressalepay\wp-content\plugins\woocommerce-gateway-nganluong-checkout\Lib\Crypt\Random.php on line 73
[01-Jun-2017 05:55:14 UTC] PHP Deprecated:  Function mcrypt_create_iv() is deprecated in C:\xampp\htdocs\wordpressalepay\wp-content\plugins\woocommerce-gateway-nganluong-checkout\Lib\Crypt\Random.php on line 73
[01-Jun-2017 05:59:39 UTC] PHP Fatal error:  Cannot declare class importAlepay, because the name is already in use in C:\xampp\htdocs\wordpressalepay\wp-content\plugins\woocommerce-gateway-nganluong-checkout\Lib\Utils\AlepayUtils.php on line 3
[01-Jun-2017 06:00:11 UTC] PHP Fatal error:  Cannot declare class importAlepay, because the name is already in use in C:\xampp\htdocs\wordpressalepay\wp-content\plugins\woocommerce-gateway-nganluong-checkout\Lib\Utils\AlepayUtils.php on line 3
[01-Jun-2017 06:00:17 UTC] PHP Fatal error:  Cannot declare class importAlepay, because the name is already in use in C:\xampp\htdocs\wordpressalepay\wp-content\plugins\woocommerce-gateway-nganluong-checkout\Lib\Utils\AlepayUtils.php on line 3
[01-Jun-2017 06:00:29 UTC] PHP Fatal error:  Cannot declare class importAlepay, because the name is already in use in C:\xampp\htdocs\wordpressalepay\wp-content\plugins\woocommerce-gateway-nganluong-checkout\Lib\Utils\AlepayUtils.php on line 3
[01-Jun-2017 06:00:50 UTC] PHP Fatal error:  Cannot declare class importAlepay, because the name is already in use in C:\xampp\htdocs\wordpressalepay\wp-content\plugins\woocommerce-gateway-nganluong-checkout\Lib\Utils\AlepayUtils.php on line 3
[01-Jun-2017 06:01:16 UTC] PHP Notice:  Use of undefined constant ROOT_PATH - assumed 'ROOT_PATH' in C:\xampp\htdocs\wordpressalepay\wp-content\plugins\woocommerce-gateway-nganluong-checkout\Lib\Utils\AlepayUtils.php on line 2
[01-Jun-2017 06:01:16 UTC] PHP Warning:  include(ROOT_PATH/Crypt/RSA.php): failed to open stream: No such file or directory in C:\xampp\htdocs\wordpressalepay\wp-content\plugins\woocommerce-gateway-nganluong-checkout\Lib\Utils\AlepayUtils.php on line 2
[01-Jun-2017 06:01:16 UTC] PHP Warning:  include(): Failed opening 'ROOT_PATH/Crypt/RSA.php' for inclusion (include_path='C:\xampp\php\PEAR') in C:\xampp\htdocs\wordpressalepay\wp-content\plugins\woocommerce-gateway-nganluong-checkout\Lib\Utils\AlepayUtils.php on line 2
[01-Jun-2017 06:01:16 UTC] PHP Fatal error:  Cannot declare class importAlepay, because the name is already in use in C:\xampp\htdocs\wordpressalepay\wp-content\plugins\woocommerce-gateway-nganluong-checkout\Lib\Utils\AlepayUtils.php on line 3
[01-Jun-2017 06:01:26 UTC] PHP Fatal error:  Cannot declare class importAlepay, because the name is already in use in C:\xampp\htdocs\wordpressalepay\wp-content\plugins\woocommerce-gateway-nganluong-checkout\Lib\Utils\AlepayUtils.php on line 3
[01-Jun-2017 06:20:35 UTC] PHP Notice:  Constant CRYPT_RSA_ENCRYPTION_OAEP already defined in C:\xampp\htdocs\wordpressalepay\wp-content\plugins\woocommerce-gateway-nganluong-checkout\Lib\Crypt\RSA.php on line 102
[01-Jun-2017 06:20:35 UTC] PHP Notice:  Constant CRYPT_RSA_ENCRYPTION_PKCS1 already defined in C:\xampp\htdocs\wordpressalepay\wp-content\plugins\woocommerce-gateway-nganluong-checkout\Lib\Crypt\RSA.php on line 109
[01-Jun-2017 06:20:35 UTC] PHP Notice:  Constant CRYPT_RSA_ENCRYPTION_NONE already defined in C:\xampp\htdocs\wordpressalepay\wp-content\plugins\woocommerce-gateway-nganluong-checkout\Lib\Crypt\RSA.php on line 116
[01-Jun-2017 06:20:35 UTC] PHP Notice:  Constant CRYPT_RSA_SIGNATURE_PSS already defined in C:\xampp\htdocs\wordpressalepay\wp-content\plugins\woocommerce-gateway-nganluong-checkout\Lib\Crypt\RSA.php on line 133
[01-Jun-2017 06:20:35 UTC] PHP Notice:  Constant CRYPT_RSA_SIGNATURE_PKCS1 already defined in C:\xampp\htdocs\wordpressalepay\wp-content\plugins\woocommerce-gateway-nganluong-checkout\Lib\Crypt\RSA.php on line 140
[01-Jun-2017 06:20:35 UTC] PHP Notice:  Constant CRYPT_RSA_ASN1_INTEGER already defined in C:\xampp\htdocs\wordpressalepay\wp-content\plugins\woocommerce-gateway-nganluong-checkout\Lib\Crypt\RSA.php on line 150
[01-Jun-2017 06:20:35 UTC] PHP Notice:  Constant CRYPT_RSA_ASN1_BITSTRING already defined in C:\xampp\htdocs\wordpressalepay\wp-content\plugins\woocommerce-gateway-nganluong-checkout\Lib\Crypt\RSA.php on line 154
[01-Jun-2017 06:20:35 UTC] PHP Notice:  Constant CRYPT_RSA_ASN1_OCTETSTRING already defined in C:\xampp\htdocs\wordpressalepay\wp-content\plugins\woocommerce-gateway-nganluong-checkout\Lib\Crypt\RSA.php on line 158
[01-Jun-2017 06:20:35 UTC] PHP Notice:  Constant CRYPT_RSA_ASN1_OBJECT already defined in C:\xampp\htdocs\wordpressalepay\wp-content\plugins\woocommerce-gateway-nganluong-checkout\Lib\Crypt\RSA.php on line 162
[01-Jun-2017 06:20:35 UTC] PHP Notice:  Constant CRYPT_RSA_ASN1_SEQUENCE already defined in C:\xampp\htdocs\wordpressalepay\wp-content\plugins\woocommerce-gateway-nganluong-checkout\Lib\Crypt\RSA.php on line 166
[01-Jun-2017 06:20:35 UTC] PHP Notice:  Constant CRYPT_RSA_MODE_INTERNAL already defined in C:\xampp\htdocs\wordpressalepay\wp-content\plugins\woocommerce-gateway-nganluong-checkout\Lib\Crypt\RSA.php on line 176
[01-Jun-2017 06:20:35 UTC] PHP Notice:  Constant CRYPT_RSA_MODE_OPENSSL already defined in C:\xampp\htdocs\wordpressalepay\wp-content\plugins\woocommerce-gateway-nganluong-checkout\Lib\Crypt\RSA.php on line 182
[01-Jun-2017 06:20:35 UTC] PHP Notice:  Constant CRYPT_RSA_OPENSSL_CONFIG already defined in C:\xampp\htdocs\wordpressalepay\wp-content\plugins\woocommerce-gateway-nganluong-checkout\Lib\Crypt\RSA.php on line 188
[01-Jun-2017 06:20:35 UTC] PHP Notice:  Constant CRYPT_RSA_PRIVATE_FORMAT_PKCS1 already defined in C:\xampp\htdocs\wordpressalepay\wp-content\plugins\woocommerce-gateway-nganluong-checkout\Lib\Crypt\RSA.php on line 200
[01-Jun-2017 06:20:35 UTC] PHP Notice:  Constant CRYPT_RSA_PRIVATE_FORMAT_PUTTY already defined in C:\xampp\htdocs\wordpressalepay\wp-content\plugins\woocommerce-gateway-nganluong-checkout\Lib\Crypt\RSA.php on line 204
[01-Jun-2017 06:20:35 UTC] PHP Notice:  Constant CRYPT_RSA_PRIVATE_FORMAT_XML already defined in C:\xampp\htdocs\wordpressalepay\wp-content\plugins\woocommerce-gateway-nganluong-checkout\Lib\Crypt\RSA.php on line 208
[01-Jun-2017 06:20:35 UTC] PHP Notice:  Constant CRYPT_RSA_PRIVATE_FORMAT_PKCS8 already defined in C:\xampp\htdocs\wordpressalepay\wp-content\plugins\woocommerce-gateway-nganluong-checkout\Lib\Crypt\RSA.php on line 212
[01-Jun-2017 06:20:35 UTC] PHP Notice:  Constant CRYPT_RSA_PUBLIC_FORMAT_RAW already defined in C:\xampp\htdocs\wordpressalepay\wp-content\plugins\woocommerce-gateway-nganluong-checkout\Lib\Crypt\RSA.php on line 233
[01-Jun-2017 06:20:35 UTC] PHP Notice:  Constant CRYPT_RSA_PUBLIC_FORMAT_PKCS1 already defined in C:\xampp\htdocs\wordpressalepay\wp-content\plugins\woocommerce-gateway-nganluong-checkout\Lib\Crypt\RSA.php on line 245
[01-Jun-2017 06:20:35 UTC] PHP Notice:  Constant CRYPT_RSA_PUBLIC_FORMAT_PKCS1_RAW already defined in C:\xampp\htdocs\wordpressalepay\wp-content\plugins\woocommerce-gateway-nganluong-checkout\Lib\Crypt\RSA.php on line 246
[01-Jun-2017 06:20:35 UTC] PHP Notice:  Constant CRYPT_RSA_PUBLIC_FORMAT_XML already defined in C:\xampp\htdocs\wordpressalepay\wp-content\plugins\woocommerce-gateway-nganluong-checkout\Lib\Crypt\RSA.php on line 250
[01-Jun-2017 06:20:35 UTC] PHP Notice:  Constant CRYPT_RSA_PUBLIC_FORMAT_OPENSSH already defined in C:\xampp\htdocs\wordpressalepay\wp-content\plugins\woocommerce-gateway-nganluong-checkout\Lib\Crypt\RSA.php on line 256
[01-Jun-2017 06:20:35 UTC] PHP Notice:  Constant CRYPT_RSA_PUBLIC_FORMAT_PKCS8 already defined in C:\xampp\htdocs\wordpressalepay\wp-content\plugins\woocommerce-gateway-nganluong-checkout\Lib\Crypt\RSA.php on line 270
[01-Jun-2017 06:20:35 UTC] PHP Fatal error:  Cannot declare class Crypt_RSA, because the name is already in use in C:\xampp\htdocs\wordpressalepay\wp-content\plugins\woocommerce-gateway-nganluong-checkout\Lib\Crypt\RSA.php on line 280
[01-Jun-2017 06:21:01 UTC] PHP Notice:  Constant CRYPT_RSA_ENCRYPTION_OAEP already defined in C:\xampp\htdocs\wordpressalepay\wp-content\plugins\woocommerce-gateway-nganluong-checkout\Lib\Crypt\RSA.php on line 102
[01-Jun-2017 06:21:01 UTC] PHP Notice:  Constant CRYPT_RSA_ENCRYPTION_PKCS1 already defined in C:\xampp\htdocs\wordpressalepay\wp-content\plugins\woocommerce-gateway-nganluong-checkout\Lib\Crypt\RSA.php on line 109
[01-Jun-2017 06:21:01 UTC] PHP Notice:  Constant CRYPT_RSA_ENCRYPTION_NONE already defined in C:\xampp\htdocs\wordpressalepay\wp-content\plugins\woocommerce-gateway-nganluong-checkout\Lib\Crypt\RSA.php on line 116
[01-Jun-2017 06:21:02 UTC] PHP Notice:  Constant CRYPT_RSA_SIGNATURE_PSS already defined in C:\xampp\htdocs\wordpressalepay\wp-content\plugins\woocommerce-gateway-nganluong-checkout\Lib\Crypt\RSA.php on line 133
[01-Jun-2017 06:21:02 UTC] PHP Notice:  Constant CRYPT_RSA_SIGNATURE_PKCS1 already defined in C:\xampp\htdocs\wordpressalepay\wp-content\plugins\woocommerce-gateway-nganluong-checkout\Lib\Crypt\RSA.php on line 140
[01-Jun-2017 06:21:02 UTC] PHP Notice:  Constant CRYPT_RSA_ASN1_INTEGER already defined in C:\xampp\htdocs\wordpressalepay\wp-content\plugins\woocommerce-gateway-nganluong-checkout\Lib\Crypt\RSA.php on line 150
[01-Jun-2017 06:21:02 UTC] PHP Notice:  Constant CRYPT_RSA_ASN1_BITSTRING already defined in C:\xampp\htdocs\wordpressalepay\wp-content\plugins\woocommerce-gateway-nganluong-checkout\Lib\Crypt\RSA.php on line 154
[01-Jun-2017 06:21:02 UTC] PHP Notice:  Constant CRYPT_RSA_ASN1_OCTETSTRING already defined in C:\xampp\htdocs\wordpressalepay\wp-content\plugins\woocommerce-gateway-nganluong-checkout\Lib\Crypt\RSA.php on line 158
[01-Jun-2017 06:21:02 UTC] PHP Notice:  Constant CRYPT_RSA_ASN1_OBJECT already defined in C:\xampp\htdocs\wordpressalepay\wp-content\plugins\woocommerce-gateway-nganluong-checkout\Lib\Crypt\RSA.php on line 162
[01-Jun-2017 06:21:02 UTC] PHP Notice:  Constant CRYPT_RSA_ASN1_SEQUENCE already defined in C:\xampp\htdocs\wordpressalepay\wp-content\plugins\woocommerce-gateway-nganluong-checkout\Lib\Crypt\RSA.php on line 166
[01-Jun-2017 06:21:02 UTC] PHP Notice:  Constant CRYPT_RSA_MODE_INTERNAL already defined in C:\xampp\htdocs\wordpressalepay\wp-content\plugins\woocommerce-gateway-nganluong-checkout\Lib\Crypt\RSA.php on line 176
[01-Jun-2017 06:21:02 UTC] PHP Notice:  Constant CRYPT_RSA_MODE_OPENSSL already defined in C:\xampp\htdocs\wordpressalepay\wp-content\plugins\woocommerce-gateway-nganluong-checkout\Lib\Crypt\RSA.php on line 182
[01-Jun-2017 06:21:02 UTC] PHP Notice:  Constant CRYPT_RSA_OPENSSL_CONFIG already defined in C:\xampp\htdocs\wordpressalepay\wp-content\plugins\woocommerce-gateway-nganluong-checkout\Lib\Crypt\RSA.php on line 188
[01-Jun-2017 06:21:02 UTC] PHP Notice:  Constant CRYPT_RSA_PRIVATE_FORMAT_PKCS1 already defined in C:\xampp\htdocs\wordpressalepay\wp-content\plugins\woocommerce-gateway-nganluong-checkout\Lib\Crypt\RSA.php on line 200
[01-Jun-2017 06:21:02 UTC] PHP Notice:  Constant CRYPT_RSA_PRIVATE_FORMAT_PUTTY already defined in C:\xampp\htdocs\wordpressalepay\wp-content\plugins\woocommerce-gateway-nganluong-checkout\Lib\Crypt\RSA.php on line 204
[01-Jun-2017 06:21:02 UTC] PHP Notice:  Constant CRYPT_RSA_PRIVATE_FORMAT_XML already defined in C:\xampp\htdocs\wordpressalepay\wp-content\plugins\woocommerce-gateway-nganluong-checkout\Lib\Crypt\RSA.php on line 208
[01-Jun-2017 06:21:02 UTC] PHP Notice:  Constant CRYPT_RSA_PRIVATE_FORMAT_PKCS8 already defined in C:\xampp\htdocs\wordpressalepay\wp-content\plugins\woocommerce-gateway-nganluong-checkout\Lib\Crypt\RSA.php on line 212
[01-Jun-2017 06:21:02 UTC] PHP Notice:  Constant CRYPT_RSA_PUBLIC_FORMAT_RAW already defined in C:\xampp\htdocs\wordpressalepay\wp-content\plugins\woocommerce-gateway-nganluong-checkout\Lib\Crypt\RSA.php on line 233
[01-Jun-2017 06:21:02 UTC] PHP Notice:  Constant CRYPT_RSA_PUBLIC_FORMAT_PKCS1 already defined in C:\xampp\htdocs\wordpressalepay\wp-content\plugins\woocommerce-gateway-nganluong-checkout\Lib\Crypt\RSA.php on line 245
[01-Jun-2017 06:21:02 UTC] PHP Notice:  Constant CRYPT_RSA_PUBLIC_FORMAT_PKCS1_RAW already defined in C:\xampp\htdocs\wordpressalepay\wp-content\plugins\woocommerce-gateway-nganluong-checkout\Lib\Crypt\RSA.php on line 246
[01-Jun-2017 06:21:02 UTC] PHP Notice:  Constant CRYPT_RSA_PUBLIC_FORMAT_XML already defined in C:\xampp\htdocs\wordpressalepay\wp-content\plugins\woocommerce-gateway-nganluong-checkout\Lib\Crypt\RSA.php on line 250
[01-Jun-2017 06:21:02 UTC] PHP Notice:  Constant CRYPT_RSA_PUBLIC_FORMAT_OPENSSH already defined in C:\xampp\htdocs\wordpressalepay\wp-content\plugins\woocommerce-gateway-nganluong-checkout\Lib\Crypt\RSA.php on line 256
[01-Jun-2017 06:21:02 UTC] PHP Notice:  Constant CRYPT_RSA_PUBLIC_FORMAT_PKCS8 already defined in C:\xampp\htdocs\wordpressalepay\wp-content\plugins\woocommerce-gateway-nganluong-checkout\Lib\Crypt\RSA.php on line 270
[01-Jun-2017 06:21:02 UTC] PHP Fatal error:  Cannot declare class Crypt_RSA, because the name is already in use in C:\xampp\htdocs\wordpressalepay\wp-content\plugins\woocommerce-gateway-nganluong-checkout\Lib\Crypt\RSA.php on line 280
[01-Jun-2017 06:27:17 UTC] PHP Fatal error:  Uncaught Error: Class 'importAlepay' not found in C:\xampp\htdocs\wordpressalepay\wp-content\plugins\woocommerce-gateway-nganluong-checkout\woocommerce-gateway-nganluong-checkout.php:30
Stack trace:
#0 C:\xampp\htdocs\wordpressalepay\wp-settings.php(304): include_once()
#1 C:\xampp\htdocs\wordpressalepay\wp-config.php(92): require_once('C:\\xampp\\htdocs...')
#2 C:\xampp\htdocs\wordpressalepay\wp-load.php(37): require_once('C:\\xampp\\htdocs...')
#3 C:\xampp\htdocs\wordpressalepay\wp-blog-header.php(13): require_once('C:\\xampp\\htdocs...')
#4 C:\xampp\htdocs\wordpressalepay\index.php(17): require('C:\\xampp\\htdocs...')
#5 {main}
  thrown in C:\xampp\htdocs\wordpressalepay\wp-content\plugins\woocommerce-gateway-nganluong-checkout\woocommerce-gateway-nganluong-checkout.php on line 30
[01-Jun-2017 06:28:01 UTC] PHP Fatal error:  Uncaught Error: Class 'Alepay' not found in C:\xampp\htdocs\wordpressalepay\wp-content\plugins\woocommerce-gateway-nganluong-checkout\woocommerce-gateway-nganluong-checkout.php:216
Stack trace:
#0 C:\xampp\htdocs\wordpressalepay\wp-content\plugins\woocommerce-gateway-nganluong-checkout\woocommerce-gateway-nganluong-checkout.php(194): WC_Gateway_NganLuong->generate_NganLuongVN_url(104)
#1 C:\xampp\htdocs\wordpressalepay\wp-content\plugins\woocommerce\includes\class-wc-checkout.php(766): WC_Gateway_NganLuong->process_payment(104)
#2 C:\xampp\htdocs\wordpressalepay\wp-content\plugins\woocommerce\includes\class-wc-checkout.php(938): WC_Checkout->process_order_payment(104, 'alepay')
#3 C:\xampp\htdocs\wordpressalepay\wp-content\plugins\woocommerce\includes\class-wc-ajax.php(390): WC_Checkout->process_checkout()
#4 C:\xampp\htdocs\wordpressalepay\wp-includes\class-wp-hook.php(298): WC_AJAX::checkout('')
#5 C:\xampp\htdocs\wordpressalepay\wp-includes\class-wp-hook.php(323): WP_Hook->apply_filters('', Array)
#6 C:\xa in C:\xampp\htdocs\wordpressalepay\wp-content\plugins\woocommerce-gateway-nganluong-checkout\woocommerce-gateway-nganluong-checkout.php on line 216
[01-Jun-2017 06:32:01 UTC] PHP Fatal error:  Uncaught Error: Class 'Alepay' not found in C:\xampp\htdocs\wordpressalepay\wp-content\plugins\woocommerce-gateway-nganluong-checkout\woocommerce-gateway-nganluong-checkout.php:216
Stack trace:
#0 C:\xampp\htdocs\wordpressalepay\wp-content\plugins\woocommerce-gateway-nganluong-checkout\woocommerce-gateway-nganluong-checkout.php(194): WC_Gateway_NganLuong->generate_NganLuongVN_url(104)
#1 C:\xampp\htdocs\wordpressalepay\wp-content\plugins\woocommerce\includes\class-wc-checkout.php(766): WC_Gateway_NganLuong->process_payment(104)
#2 C:\xampp\htdocs\wordpressalepay\wp-content\plugins\woocommerce\includes\class-wc-checkout.php(938): WC_Checkout->process_order_payment(104, 'alepay')
#3 C:\xampp\htdocs\wordpressalepay\wp-content\plugins\woocommerce\includes\class-wc-ajax.php(390): WC_Checkout->process_checkout()
#4 C:\xampp\htdocs\wordpressalepay\wp-includes\class-wp-hook.php(298): WC_AJAX::checkout('')
#5 C:\xampp\htdocs\wordpressalepay\wp-includes\class-wp-hook.php(323): WP_Hook->apply_filters('', Array)
#6 C:\xa in C:\xampp\htdocs\wordpressalepay\wp-content\plugins\woocommerce-gateway-nganluong-checkout\woocommerce-gateway-nganluong-checkout.php on line 216
[01-Jun-2017 06:33:07 UTC] PHP Warning:  require_once(C:\xampp\htdocs\wordpressalepay\wp-content\plugins\woocommerce-gateway-nganluong-checkout\src\Alepay.php): failed to open stream: No such file or directory in C:\xampp\htdocs\wordpressalepay\wp-content\plugins\woocommerce-gateway-nganluong-checkout\woocommerce-gateway-nganluong-checkout.php on line 26
[01-Jun-2017 06:33:07 UTC] PHP Fatal error:  require_once(): Failed opening required 'C:\xampp\htdocs\wordpressalepay\wp-content\plugins\woocommerce-gateway-nganluong-checkout\src\Alepay.php' (include_path='C:\xampp\php\PEAR') in C:\xampp\htdocs\wordpressalepay\wp-content\plugins\woocommerce-gateway-nganluong-checkout\woocommerce-gateway-nganluong-checkout.php on line 26
[01-Jun-2017 06:41:26 UTC] PHP Warning:  require_once(C:\xampp\htdocs\wordpressalepay\wp-content\plugins\woocommerce-gateway-nganluong-checkout\Alepay.php): failed to open stream: No such file or directory in C:\xampp\htdocs\wordpressalepay\wp-content\plugins\woocommerce-gateway-nganluong-checkout\woocommerce-gateway-nganluong-checkout.php on line 26
[01-Jun-2017 06:41:26 UTC] PHP Fatal error:  require_once(): Failed opening required 'C:\xampp\htdocs\wordpressalepay\wp-content\plugins\woocommerce-gateway-nganluong-checkout\Alepay.php' (include_path='C:\xampp\php\PEAR') in C:\xampp\htdocs\wordpressalepay\wp-content\plugins\woocommerce-gateway-nganluong-checkout\woocommerce-gateway-nganluong-checkout.php on line 26
[01-Jun-2017 06:42:03 UTC] PHP Warning:  require_once(C:\xampp\htdocs\wordpressalepay\wp-content\plugins\woocommerce-gateway-nganluong-checkout\Libs\Alepay.php): failed to open stream: No such file or directory in C:\xampp\htdocs\wordpressalepay\wp-content\plugins\woocommerce-gateway-nganluong-checkout\woocommerce-gateway-nganluong-checkout.php on line 26
[01-Jun-2017 06:42:03 UTC] PHP Fatal error:  require_once(): Failed opening required 'C:\xampp\htdocs\wordpressalepay\wp-content\plugins\woocommerce-gateway-nganluong-checkout\Libs\Alepay.php' (include_path='C:\xampp\php\PEAR') in C:\xampp\htdocs\wordpressalepay\wp-content\plugins\woocommerce-gateway-nganluong-checkout\woocommerce-gateway-nganluong-checkout.php on line 26
[01-Jun-2017 06:46:22 UTC] PHP Warning:  require_once(C:\xampp\htdocs\wordpressalepay\wp-content\plugins\woocommerce-gateway-nganluong-checkout\Libs\Alepay.php): failed to open stream: No such file or directory in C:\xampp\htdocs\wordpressalepay\wp-content\plugins\woocommerce-gateway-nganluong-checkout\woocommerce-gateway-nganluong-checkout.php on line 26
[01-Jun-2017 06:46:23 UTC] PHP Fatal error:  require_once(): Failed opening required 'C:\xampp\htdocs\wordpressalepay\wp-content\plugins\woocommerce-gateway-nganluong-checkout\Libs\Alepay.php' (include_path='C:\xampp\php\PEAR') in C:\xampp\htdocs\wordpressalepay\wp-content\plugins\woocommerce-gateway-nganluong-checkout\woocommerce-gateway-nganluong-checkout.php on line 26
[01-Jun-2017 07:24:47 UTC] PHP Warning:  require_once(C:\xampp\htdocs\wordpressalepay\wp-content\plugins\woocommerce-gateway-nganluong-checkout\Libs\Alepay.php): failed to open stream: No such file or directory in C:\xampp\htdocs\wordpressalepay\wp-content\plugins\woocommerce-gateway-nganluong-checkout\woocommerce-gateway-nganluong-checkout.php on line 26
[01-Jun-2017 07:24:47 UTC] PHP Fatal error:  require_once(): Failed opening required 'C:\xampp\htdocs\wordpressalepay\wp-content\plugins\woocommerce-gateway-nganluong-checkout\Libs\Alepay.php' (include_path='C:\xampp\php\PEAR') in C:\xampp\htdocs\wordpressalepay\wp-content\plugins\woocommerce-gateway-nganluong-checkout\woocommerce-gateway-nganluong-checkout.php on line 26
[01-Jun-2017 08:45:20 UTC] PHP Warning:  require_once(C:\xampp\htdocs\wordpressalepay\wp-content\plugins\woocommerce-gateway-nganluong-checkout\Libs\Alepay.php): failed to open stream: No such file or directory in C:\xampp\htdocs\wordpressalepay\wp-content\plugins\woocommerce-gateway-nganluong-checkout\woocommerce-gateway-nganluong-checkout.php on line 26
[01-Jun-2017 08:45:20 UTC] PHP Fatal error:  require_once(): Failed opening required 'C:\xampp\htdocs\wordpressalepay\wp-content\plugins\woocommerce-gateway-nganluong-checkout\Libs\Alepay.php' (include_path='C:\xampp\php\PEAR') in C:\xampp\htdocs\wordpressalepay\wp-content\plugins\woocommerce-gateway-nganluong-checkout\woocommerce-gateway-nganluong-checkout.php on line 26
[01-Jun-2017 08:57:31 UTC] PHP Warning:  require_once(C:\xampp\htdocs\wordpressalepay\wp-content\plugins\woocommerce-gateway-nganluong-checkout\Libs\Alepay.php): failed to open stream: No such file or directory in C:\xampp\htdocs\wordpressalepay\wp-content\plugins\woocommerce-gateway-nganluong-checkout\woocommerce-gateway-nganluong-checkout.php on line 26
[01-Jun-2017 08:57:31 UTC] PHP Fatal error:  require_once(): Failed opening required 'C:\xampp\htdocs\wordpressalepay\wp-content\plugins\woocommerce-gateway-nganluong-checkout\Libs\Alepay.php' (include_path='C:\xampp\php\PEAR') in C:\xampp\htdocs\wordpressalepay\wp-content\plugins\woocommerce-gateway-nganluong-checkout\woocommerce-gateway-nganluong-checkout.php on line 26
[01-Jun-2017 19:16:39 UTC] PHP Warning:  require_once(C:\xampp\htdocs\wordpressalepay\wp-content\plugins\woocommerce-gateway-nganluong-checkout\Libs\Alepay.php): failed to open stream: No such file or directory in C:\xampp\htdocs\wordpressalepay\wp-content\plugins\woocommerce-gateway-nganluong-checkout\woocommerce-gateway-nganluong-checkout.php on line 26
[01-Jun-2017 19:16:39 UTC] PHP Fatal error:  require_once(): Failed opening required 'C:\xampp\htdocs\wordpressalepay\wp-content\plugins\woocommerce-gateway-nganluong-checkout\Libs\Alepay.php' (include_path='C:\xampp\php\PEAR') in C:\xampp\htdocs\wordpressalepay\wp-content\plugins\woocommerce-gateway-nganluong-checkout\woocommerce-gateway-nganluong-checkout.php on line 26
[01-Jun-2017 19:49:38 UTC] PHP Warning:  require_once(C:\xampp\htdocs\wordpressalepay\wp-content\plugins\woocommerce-gateway-nganluong-checkout\Libs\Alepay.php): failed to open stream: No such file or directory in C:\xampp\htdocs\wordpressalepay\wp-content\plugins\woocommerce-gateway-nganluong-checkout\woocommerce-gateway-nganluong-checkout.php on line 26
[01-Jun-2017 19:49:38 UTC] PHP Fatal error:  require_once(): Failed opening required 'C:\xampp\htdocs\wordpressalepay\wp-content\plugins\woocommerce-gateway-nganluong-checkout\Libs\Alepay.php' (include_path='C:\xampp\php\PEAR') in C:\xampp\htdocs\wordpressalepay\wp-content\plugins\woocommerce-gateway-nganluong-checkout\woocommerce-gateway-nganluong-checkout.php on line 26
[01-Jun-2017 19:51:16 UTC] PHP Warning:  require_once(C:\xampp\htdocs\wordpressalepay\wp-content\plugins\woocommerce-gateway-nganluong-checkout\Libs\Alepay.php): failed to open stream: No such file or directory in C:\xampp\htdocs\wordpressalepay\wp-content\plugins\woocommerce-gateway-nganluong-checkout\woocommerce-gateway-nganluong-checkout.php on line 26
[01-Jun-2017 19:51:16 UTC] PHP Fatal error:  require_once(): Failed opening required 'C:\xampp\htdocs\wordpressalepay\wp-content\plugins\woocommerce-gateway-nganluong-checkout\Libs\Alepay.php' (include_path='C:\xampp\php\PEAR') in C:\xampp\htdocs\wordpressalepay\wp-content\plugins\woocommerce-gateway-nganluong-checkout\woocommerce-gateway-nganluong-checkout.php on line 26
[02-Jun-2017 06:09:40 UTC] PHP Fatal error:  Maximum execution time of 30 seconds exceeded in C:\xampp\htdocs\wordpressalepay\wp-content\plugins\woocommerce\includes\wc-template-functions.php on line 13
[02-Jun-2017 06:14:05 UTC] PHP Fatal error:  Maximum execution time of 30 seconds exceeded in C:\xampp\htdocs\wordpressalepay\wp-includes\wp-db.php on line 1877
[02-Jun-2017 06:15:23 UTC] PHP Warning:  require_once(C:\xampp\htdocs\wordpressalepay\wp-content\plugins\woocommerce-gateway-nganluong-checkout\Libs\Alepay.php): failed to open stream: No such file or directory in C:\xampp\htdocs\wordpressalepay\wp-content\plugins\woocommerce-gateway-nganluong-checkout\woocommerce-gateway-nganluong-checkout.php on line 26
[02-Jun-2017 06:15:23 UTC] PHP Fatal error:  require_once(): Failed opening required 'C:\xampp\htdocs\wordpressalepay\wp-content\plugins\woocommerce-gateway-nganluong-checkout\Libs\Alepay.php' (include_path='C:\xampp\php\PEAR') in C:\xampp\htdocs\wordpressalepay\wp-content\plugins\woocommerce-gateway-nganluong-checkout\woocommerce-gateway-nganluong-checkout.php on line 26
[02-Jun-2017 06:15:33 UTC] PHP Warning:  require_once(C:\xampp\htdocs\wordpressalepay\wp-content\plugins\woocommerce-gateway-nganluong-checkout\Libs\Alepay.php): failed to open stream: No such file or directory in C:\xampp\htdocs\wordpressalepay\wp-content\plugins\woocommerce-gateway-nganluong-checkout\woocommerce-gateway-nganluong-checkout.php on line 26
[02-Jun-2017 06:15:33 UTC] PHP Fatal error:  require_once(): Failed opening required 'C:\xampp\htdocs\wordpressalepay\wp-content\plugins\woocommerce-gateway-nganluong-checkout\Libs\Alepay.php' (include_path='C:\xampp\php\PEAR') in C:\xampp\htdocs\wordpressalepay\wp-content\plugins\woocommerce-gateway-nganluong-checkout\woocommerce-gateway-nganluong-checkout.php on line 26
[02-Jun-2017 06:17:30 UTC] PHP Deprecated:  Function mcrypt_create_iv() is deprecated in C:\xampp\htdocs\wordpressalepay\wp-content\plugins\woocommerce-gateway-nganluong-checkout\Lib\Crypt\Random.php on line 73
[02-Jun-2017 06:17:30 UTC] PHP Deprecated:  Function mcrypt_create_iv() is deprecated in C:\xampp\htdocs\wordpressalepay\wp-content\plugins\woocommerce-gateway-nganluong-checkout\Lib\Crypt\Random.php on line 73
[02-Jun-2017 06:17:30 UTC] PHP Deprecated:  Function mcrypt_create_iv() is deprecated in C:\xampp\htdocs\wordpressalepay\wp-content\plugins\woocommerce-gateway-nganluong-checkout\Lib\Crypt\Random.php on line 73
[02-Jun-2017 06:17:30 UTC] PHP Deprecated:  Function mcrypt_create_iv() is deprecated in C:\xampp\htdocs\wordpressalepay\wp-content\plugins\woocommerce-gateway-nganluong-checkout\Lib\Crypt\Random.php on line 73
[02-Jun-2017 06:17:30 UTC] PHP Deprecated:  Function mcrypt_create_iv() is deprecated in C:\xampp\htdocs\wordpressalepay\wp-content\plugins\woocommerce-gateway-nganluong-checkout\Lib\Crypt\Random.php on line 73
[02-Jun-2017 06:17:30 UTC] PHP Deprecated:  Function mcrypt_create_iv() is deprecated in C:\xampp\htdocs\wordpressalepay\wp-content\plugins\woocommerce-gateway-nganluong-checkout\Lib\Crypt\Random.php on line 73
[02-Jun-2017 06:17:30 UTC] PHP Deprecated:  Function mcrypt_create_iv() is deprecated in C:\xampp\htdocs\wordpressalepay\wp-content\plugins\woocommerce-gateway-nganluong-checkout\Lib\Crypt\Random.php on line 73
[02-Jun-2017 06:17:30 UTC] PHP Deprecated:  Function mcrypt_create_iv() is deprecated in C:\xampp\htdocs\wordpressalepay\wp-content\plugins\woocommerce-gateway-nganluong-checkout\Lib\Crypt\Random.php on line 73
