06-02-2017 @ 08:11:01 - 
06-02-2017 @ 08:14:58 - 
06-02-2017 @ 08:15:42 - 
06-02-2017 @ 08:16:02 - 
06-02-2017 @ 08:16:58 - 
06-02-2017 @ 08:18:51 - 
06-02-2017 @ 08:19:54 - 
06-02-2017 @ 08:21:00 - 
06-02-2017 @ 08:24:45 - 
06-02-2017 @ 08:26:11 - 
06-02-2017 @ 08:42:29 - token=>942cd1205f3042b39d04b016fc0326a7
06-02-2017 @ 08:42:29 - checkoutUrl=>http://test.alepay.vn/checkout/v1/942cd1205f3042b39d04b016fc0326a7/vi
06-02-2017 @ 08:51:32 - token=>5f663bbf979941e993d5360a9f898f33
06-02-2017 @ 08:51:32 - checkoutUrl=>http://test.alepay.vn/checkout/v1/5f663bbf979941e993d5360a9f898f33/vi
06-02-2017 @ 09:02:36 - ::1{"data":"QUhqYWc0Y3RVSFZ2SmYrbjZjZkZ1UWloeDJlazlHaXVSdDhjL2FucWxQb0V4ZFlTSFRtZ1BYdjV5UUllK042ZGNLOThUbU1Ra0NZMkdVUnc2N3JNanhhY2h3OE14QVlxbXN5Sy9ZU3cvdUdBZTZGR2dFcnFYRVZ2SFVMVnZxUi91anZGVEJOTUw1Y2NlWS9WLzdaaUpHVnhvNnpCcHdwaENpRjdTb1kwckhjPQ==","checksum":"142b01e66f2ec489ea1635e30e5fcc3f"}
06-02-2017 @ 09:02:47 - ::1{"data":"QUhqYWc0Y3RVSFZ2SmYrbjZjZkZ1UWloeDJlazlHaXVSdDhjL2FucWxQb0V4ZFlTSFRtZ1BYdjV5UUllK042ZGNLOThUbU1Ra0NZMkdVUnc2N3JNanhhY2h3OE14QVlxbXN5Sy9ZU3cvdUdBZTZGR2dFcnFYRVZ2SFVMVnZxUi91anZGVEJOTUw1Y2NlWS9WLzdaaUpHVnhvNnpCcHdwaENpRjdTb1kwckhjPQ==","checksum":"142b01e66f2ec489ea1635e30e5fcc3f"}
06-02-2017 @ 09:03:00 - ::1{"data":"QUhqYWc0Y3RVSFZ2SmYrbjZjZkZ1UWloeDJlazlHaXVSdDhjL2FucWxQb0V4ZFlTSFRtZ1BYdjV5UUllK042ZGNLOThUbU1Ra0NZMkdVUnc2N3JNanhhY2h3OE14QVlxbXN5Sy9ZU3cvdUdBZTZGR2dFcnFYRVZ2SFVMVnZxUi91anZGVEJOTUw1Y2NlWS9WLzdaaUpHVnhvNnpCcHdwaENpRjdTb1kwckhjPQ==","checksum":"142b01e66f2ec489ea1635e30e5fcc3f"}
06-02-2017 @ 09:10:26 - ::1{"data":"QUhqYWc0Y3RVSFZ2SmYrbjZjZkZ1UWloeDJlazlHaXVSdDhjL2FucWxQb0V4ZFlTSFRtZ1BYdjV5UUllK042ZGNLOThUbU1Ra0NZMkdVUnc2N3JNanhhY2h3OE14QVlxbXN5Sy9ZU3cvdUdBZTZGR2dFcnFYRVZ2SFVMVnZxUi91anZGVEJOTUw1Y2NlWS9WLzdaaUpHVnhvNnpCcHdwaENpRjdTb1kwckhjPQ==","checksum":"142b01e66f2ec489ea1635e30e5fcc3f"}
06-02-2017 @ 09:12:44 - ::1{"data":"QUhqYWc0Y3RVSFZ2SmYrbjZjZkZ1UWloeDJlazlHaXVSdDhjL2FucWxQb0V4ZFlTSFRtZ1BYdjV5UUllK042ZGNLOThUbU1Ra0NZMkdVUnc2N3JNanhhY2h3OE14QVlxbXN5Sy9ZU3cvdUdBZTZGR2dFcnFYRVZ2SFVMVnZxUi91anZGVEJOTUw1Y2NlWS9WLzdaaUpHVnhvNnpCcHdwaENpRjdTb1kwckhjPQ==","checksum":"142b01e66f2ec489ea1635e30e5fcc3f"}
06-02-2017 @ 09:16:26 - ::1{"data":"QUhqYWc0Y3RVSFZ2SmYrbjZjZkZ1UWloeDJlazlHaXVSdDhjL2FucWxQb0V4ZFlTSFRtZ1BYdjV5UUllK042ZGNLOThUbU1Ra0NZMkdVUnc2N3JNanhhY2h3OE14QVlxbXN5Sy9ZU3cvdUdBZTZGR2dFcnFYRVZ2SFVMVnZxUi91anZGVEJOTUw1Y2NlWS9WLzdaaUpHVnhvNnpCcHdwaENpRjdTb1kwckhjPQ==","checksum":"142b01e66f2ec489ea1635e30e5fcc3f"}
06-02-2017 @ 09:16:53 - ::1{"data":"QUhqYWc0Y3RVSFZ2SmYrbjZjZkZ1UWloeDJlazlHaXVSdDhjL2FucWxQb0V4ZFlTSFRtZ1BYdjV5UUllK042ZGNLOThUbU1Ra0NZMkdVUnc2N3JNanhhY2h3OE14QVlxbXN5Sy9ZU3cvdUdBZTZGR2dFcnFYRVZ2SFVMVnZxUi91anZGVEJOTUw1Y2NlWS9WLzdaaUpHVnhvNnpCcHdwaENpRjdTb1kwckhjPQ==","checksum":"142b01e66f2ec489ea1635e30e5fcc3f","wc-ajax":"get_refreshed_fragments"}
06-02-2017 @ 09:16:53 - ::1{"data":"QUhqYWc0Y3RVSFZ2SmYrbjZjZkZ1UWloeDJlazlHaXVSdDhjL2FucWxQb0V4ZFlTSFRtZ1BYdjV5UUllK042ZGNLOThUbU1Ra0NZMkdVUnc2N3JNanhhY2h3OE14QVlxbXN5Sy9ZU3cvdUdBZTZGR2dFcnFYRVZ2SFVMVnZxUi91anZGVEJOTUw1Y2NlWS9WLzdaaUpHVnhvNnpCcHdwaENpRjdTb1kwckhjPQ==","checksum":"142b01e66f2ec489ea1635e30e5fcc3f","wc-ajax":"get_refreshed_fragments"}
06-02-2017 @ 09:16:54 - ::1{"data":"QUhqYWc0Y3RVSFZ2SmYrbjZjZkZ1UWloeDJlazlHaXVSdDhjL2FucWxQb0V4ZFlTSFRtZ1BYdjV5UUllK042ZGNLOThUbU1Ra0NZMkdVUnc2N3JNanhhY2h3OE14QVlxbXN5Sy9ZU3cvdUdBZTZGR2dFcnFYRVZ2SFVMVnZxUi91anZGVEJOTUw1Y2NlWS9WLzdaaUpHVnhvNnpCcHdwaENpRjdTb1kwckhjPQ==","checksum":"142b01e66f2ec489ea1635e30e5fcc3f","wc-ajax":"get_refreshed_fragments"}
06-02-2017 @ 09:17:03 - ::1{"data":"QUhqYWc0Y3RVSFZ2SmYrbjZjZkZ1UWloeDJlazlHaXVSdDhjL2FucWxQb0V4ZFlTSFRtZ1BYdjV5UUllK042ZGNLOThUbU1Ra0NZMkdVUnc2N3JNanhhY2h3OE14QVlxbXN5Sy9ZU3cvdUdBZTZGR2dFcnFYRVZ2SFVMVnZxUi91anZGVEJOTUw1Y2NlWS9WLzdaaUpHVnhvNnpCcHdwaENpRjdTb1kwckhjPQ==","checksum":"142b01e66f2ec489ea1635e30e5fcc3f","wc-ajax":"get_refreshed_fragments"}
06-02-2017 @ 09:18:58 - token=>9a964313a0a540efab8e57da65fedf1b
06-02-2017 @ 09:18:58 - checkoutUrl=>http://test.alepay.vn/checkout/v1/9a964313a0a540efab8e57da65fedf1b/vi
06-02-2017 @ 09:19:50 - ::1{"data":"VnRGZ0YybnN2WUNzOTdsRm5tVy9yMDlBZmNpY3BVK2Z6REtqUFBrUWpwajBNQitpSmlvM2RZQjIyZVFyc0FLNUNFQjBNZWxMU1hhL2thSXJHYUFTK0lVNk9zL3V5OHlHanVKTUUyamJxWkZFNFNodFJkdnUwQmovcStPL2VuNTUvWDNRSjk3WTFpWGpXYWxjUitQQUVEREpRbm9CQzNVcmp3OE95ZlZvL3NBPQ==","checksum":"fc30fb144be568ccaf09683153813e92"}
06-02-2017 @ 09:21:27 - ::1{"data":"QUhqYWc0Y3RVSFZ2SmYrbjZjZkZ1UWloeDJlazlHaXVSdDhjL2FucWxQb0V4ZFlTSFRtZ1BYdjV5UUllK042ZGNLOThUbU1Ra0NZMkdVUnc2N3JNanhhY2h3OE14QVlxbXN5Sy9ZU3cvdUdBZTZGR2dFcnFYRVZ2SFVMVnZxUi91anZGVEJOTUw1Y2NlWS9WLzdaaUpHVnhvNnpCcHdwaENpRjdTb1kwckhjPQ==","checksum":"142b01e66f2ec489ea1635e30e5fcc3f"}
06-02-2017 @ 09:21:36 - ::1{"data":"QUhqYWc0Y3RVSFZ2SmYrbjZjZkZ1UWloeDJlazlHaXVSdDhjL2FucWxQb0V4ZFlTSFRtZ1BYdjV5UUllK042ZGNLOThUbU1Ra0NZMkdVUnc2N3JNanhhY2h3OE14QVlxbXN5Sy9ZU3cvdUdBZTZGR2dFcnFYRVZ2SFVMVnZxUi91anZGVEJOTUw1Y2NlWS9WLzdaaUpHVnhvNnpCcHdwaENpRjdTb1kwckhjPQ==","checksum":"142b01e66f2ec489ea1635e30e5fcc3f"}
06-02-2017 @ 09:21:43 - ::1{"data":"QUhqYWc0Y3RVSFZ2SmYrbjZjZkZ1UWloeDJlazlHaXVSdDhjL2FucWxQb0V4ZFlTSFRtZ1BYdjV5UUllK042ZGNLOThUbU1Ra0NZMkdVUnc2N3JNanhhY2h3OE14QVlxbXN5Sy9ZU3cvdUdBZTZGR2dFcnFYRVZ2SFVMVnZxUi91anZGVEJOTUw1Y2NlWS9WLzdaaUpHVnhvNnpCcHdwaENpRjdTb1kwckhjPQ==","checksum":"142b01e66f2ec489ea1635e30e5fcc3f"}
06-02-2017 @ 09:22:02 - ::1{"data":"QUhqYWc0Y3RVSFZ2SmYrbjZjZkZ1UWloeDJlazlHaXVSdDhjL2FucWxQb0V4ZFlTSFRtZ1BYdjV5UUllK042ZGNLOThUbU1Ra0NZMkdVUnc2N3JNanhhY2h3OE14QVlxbXN5Sy9ZU3cvdUdBZTZGR2dFcnFYRVZ2SFVMVnZxUi91anZGVEJOTUw1Y2NlWS9WLzdaaUpHVnhvNnpCcHdwaENpRjdTb1kwckhjPQ==","checksum":"142b01e66f2ec489ea1635e30e5fcc3f"}
06-02-2017 @ 09:22:18 - ::1{"data":"QUhqYWc0Y3RVSFZ2SmYrbjZjZkZ1UWloeDJlazlHaXVSdDhjL2FucWxQb0V4ZFlTSFRtZ1BYdjV5UUllK042ZGNLOThUbU1Ra0NZMkdVUnc2N3JNanhhY2h3OE14QVlxbXN5Sy9ZU3cvdUdBZTZGR2dFcnFYRVZ2SFVMVnZxUi91anZGVEJOTUw1Y2NlWS9WLzdaaUpHVnhvNnpCcHdwaENpRjdTb1kwckhjPQ==","checksum":"142b01e66f2ec489ea1635e30e5fcc3f"}
06-02-2017 @ 09:24:08 - ::1{"data":"QUhqYWc0Y3RVSFZ2SmYrbjZjZkZ1UWloeDJlazlHaXVSdDhjL2FucWxQb0V4ZFlTSFRtZ1BYdjV5UUllK042ZGNLOThUbU1Ra0NZMkdVUnc2N3JNanhhY2h3OE14QVlxbXN5Sy9ZU3cvdUdBZTZGR2dFcnFYRVZ2SFVMVnZxUi91anZGVEJOTUw1Y2NlWS9WLzdaaUpHVnhvNnpCcHdwaENpRjdTb1kwckhjPQ==","checksum":"142b01e66f2ec489ea1635e30e5fcc3f"}
06-02-2017 @ 09:52:13 - ::1{"data":"QUhqYWc0Y3RVSFZ2SmYrbjZjZkZ1UWloeDJlazlHaXVSdDhjL2FucWxQb0V4ZFlTSFRtZ1BYdjV5UUllK042ZGNLOThUbU1Ra0NZMkdVUnc2N3JNanhhY2h3OE14QVlxbXN5Sy9ZU3cvdUdBZTZGR2dFcnFYRVZ2SFVMVnZxUi91anZGVEJOTUw1Y2NlWS9WLzdaaUpHVnhvNnpCcHdwaENpRjdTb1kwckhjPQ==","checksum":"142b01e66f2ec489ea1635e30e5fcc3f"}
06-02-2017 @ 09:52:27 - ::1{"data":"QUhqYWc0Y3RVSFZ2SmYrbjZjZkZ1UWloeDJlazlHaXVSdDhjL2FucWxQb0V4ZFlTSFRtZ1BYdjV5UUllK042ZGNLOThUbU1Ra0NZMkdVUnc2N3JNanhhY2h3OE14QVlxbXN5Sy9ZU3cvdUdBZTZGR2dFcnFYRVZ2SFVMVnZxUi91anZGVEJOTUw1Y2NlWS9WLzdaaUpHVnhvNnpCcHdwaENpRjdTb1kwckhjPQ==","checksum":"142b01e66f2ec489ea1635e30e5fcc3f"}
06-02-2017 @ 09:52:33 - ::1{"data":"QUhqYWc0Y3RVSFZ2SmYrbjZjZkZ1UWloeDJlazlHaXVSdDhjL2FucWxQb0V4ZFlTSFRtZ1BYdjV5UUllK042ZGNLOThUbU1Ra0NZMkdVUnc2N3JNanhhY2h3OE14QVlxbXN5Sy9ZU3cvdUdBZTZGR2dFcnFYRVZ2SFVMVnZxUi91anZGVEJOTUw1Y2NlWS9WLzdaaUpHVnhvNnpCcHdwaENpRjdTb1kwckhjPQ==","checksum":"142b01e66f2ec489ea1635e30e5fcc3f"}
06-02-2017 @ 09:52:53 - ::1{"data":"QUhqYWc0Y3RVSFZ2SmYrbjZjZkZ1UWloeDJlazlHaXVSdDhjL2FucWxQb0V4ZFlTSFRtZ1BYdjV5UUllK042ZGNLOThUbU1Ra0NZMkdVUnc2N3JNanhhY2h3OE14QVlxbXN5Sy9ZU3cvdUdBZTZGR2dFcnFYRVZ2SFVMVnZxUi91anZGVEJOTUw1Y2NlWS9WLzdaaUpHVnhvNnpCcHdwaENpRjdTb1kwckhjPQ==","checksum":"142b01e66f2ec489ea1635e30e5fcc3f"}
06-02-2017 @ 09:53:12 - ::1{"data":"QUhqYWc0Y3RVSFZ2SmYrbjZjZkZ1UWloeDJlazlHaXVSdDhjL2FucWxQb0V4ZFlTSFRtZ1BYdjV5UUllK042ZGNLOThUbU1Ra0NZMkdVUnc2N3JNanhhY2h3OE14QVlxbXN5Sy9ZU3cvdUdBZTZGR2dFcnFYRVZ2SFVMVnZxUi91anZGVEJOTUw1Y2NlWS9WLzdaaUpHVnhvNnpCcHdwaENpRjdTb1kwckhjPQ==","checksum":"142b01e66f2ec489ea1635e30e5fcc3f"}
06-02-2017 @ 09:54:39 - ::1{"data":"QUhqYWc0Y3RVSFZ2SmYrbjZjZkZ1UWloeDJlazlHaXVSdDhjL2FucWxQb0V4ZFlTSFRtZ1BYdjV5UUllK042ZGNLOThUbU1Ra0NZMkdVUnc2N3JNanhhY2h3OE14QVlxbXN5Sy9ZU3cvdUdBZTZGR2dFcnFYRVZ2SFVMVnZxUi91anZGVEJOTUw1Y2NlWS9WLzdaaUpHVnhvNnpCcHdwaENpRjdTb1kwckhjPQ==","checksum":"142b01e66f2ec489ea1635e30e5fcc3f"}
06-02-2017 @ 09:55:19 - ::1{"data":"QUhqYWc0Y3RVSFZ2SmYrbjZjZkZ1UWloeDJlazlHaXVSdDhjL2FucWxQb0V4ZFlTSFRtZ1BYdjV5UUllK042ZGNLOThUbU1Ra0NZMkdVUnc2N3JNanhhY2h3OE14QVlxbXN5Sy9ZU3cvdUdBZTZGR2dFcnFYRVZ2SFVMVnZxUi91anZGVEJOTUw1Y2NlWS9WLzdaaUpHVnhvNnpCcHdwaENpRjdTb1kwckhjPQ==","checksum":"142b01e66f2ec489ea1635e30e5fcc3f"}
06-02-2017 @ 10:21:52 - ::1{"data":"VnRGZ0YybnN2WUNzOTdsRm5tVy9yMDlBZmNpY3BVK2Z6REtqUFBrUWpwajBNQitpSmlvM2RZQjIyZVFyc0FLNUNFQjBNZWxMU1hhL2thSXJHYUFTK0lVNk9zL3V5OHlHanVKTUUyamJxWkZFNFNodFJkdnUwQmovcStPL2VuNTUvWDNRSjk3WTFpWGpXYWxjUitQQUVEREpRbm9CQzNVcmp3OE95ZlZvL3NBPQ==","checksum":"fc30fb144be568ccaf09683153813e92"}
06-02-2017 @ 10:22:10 - ::1{"data":"VnRGZ0YybnN2WUNzOTdsRm5tVy9yMDlBZmNpY3BVK2Z6REtqUFBrUWpwajBNQitpSmlvM2RZQjIyZVFyc0FLNUNFQjBNZWxMU1hhL2thSXJHYUFTK0lVNk9zL3V5OHlHanVKTUUyamJxWkZFNFNodFJkdnUwQmovcStPL2VuNTUvWDNRSjk3WTFpWGpXYWxjUitQQUVEREpRbm9CQzNVcmp3OE95ZlZvL3NBPQ==","checksum":"fc30fb144be568ccaf09683153813e92"}
06-02-2017 @ 10:31:36 - ::1{"data":"VnRGZ0YybnN2WUNzOTdsRm5tVy9yMDlBZmNpY3BVK2Z6REtqUFBrUWpwajBNQitpSmlvM2RZQjIyZVFyc0FLNUNFQjBNZWxMU1hhL2thSXJHYUFTK0lVNk9zL3V5OHlHanVKTUUyamJxWkZFNFNodFJkdnUwQmovcStPL2VuNTUvWDNRSjk3WTFpWGpXYWxjUitQQUVEREpRbm9CQzNVcmp3OE95ZlZvL3NBPQ==","checksum":"fc30fb144be568ccaf09683153813e92"}
06-02-2017 @ 10:32:00 - ::1{"data":"VnRGZ0YybnN2WUNzOTdsRm5tVy9yMDlBZmNpY3BVK2Z6REtqUFBrUWpwajBNQitpSmlvM2RZQjIyZVFyc0FLNUNFQjBNZWxMU1hhL2thSXJHYUFTK0lVNk9zL3V5OHlHanVKTUUyamJxWkZFNFNodFJkdnUwQmovcStPL2VuNTUvWDNRSjk3WTFpWGpXYWxjUitQQUVEREpRbm9CQzNVcmp3OE95ZlZvL3NBPQ==","checksum":"fc30fb144be568ccaf09683153813e92"}
06-02-2017 @ 10:38:25 - ::1{"data":"VnRGZ0YybnN2WUNzOTdsRm5tVy9yMDlBZmNpY3BVK2Z6REtqUFBrUWpwajBNQitpSmlvM2RZQjIyZVFyc0FLNUNFQjBNZWxMU1hhL2thSXJHYUFTK0lVNk9zL3V5OHlHanVKTUUyamJxWkZFNFNodFJkdnUwQmovcStPL2VuNTUvWDNRSjk3WTFpWGpXYWxjUitQQUVEREpRbm9CQzNVcmp3OE95ZlZvL3NBPQ==","checksum":"fc30fb144be568ccaf09683153813e92"}
06-03-2017 @ 02:01:28 - token=>abbbfe9cf07a48a09ec7a483a068148f
06-03-2017 @ 02:01:28 - checkoutUrl=>http://test.alepay.vn/checkout/v1/abbbfe9cf07a48a09ec7a483a068148f/vi
06-03-2017 @ 02:04:43 - token=>523737a672c54631b40f12155b6da0dd
06-03-2017 @ 02:04:43 - checkoutUrl=>http://test.alepay.vn/checkout/v1/523737a672c54631b40f12155b6da0dd/vi
06-03-2017 @ 03:04:51 - token=>12a622e3cc2242ed90d80aa2cd7ac6da
06-03-2017 @ 03:04:51 - checkoutUrl=>http://test.alepay.vn/checkout/v1/12a622e3cc2242ed90d80aa2cd7ac6da/vi
06-03-2017 @ 03:05:36 - ::1{"data":"UkxpeFE0T2N2aHNaNjZ0UWk4bmtPZXdYYW5kZzN1QVlFVjlMd1JMOUNxdVUySnE3VmVrVTJWRHk5UDJGaEZCT3FTT0VqR1QvVlVhZk96MVExM3Vnc0g5MllTYmdCeVlwSWZ2MTBmVk92ZzJyQkt0WG1uam80ZXpEbjRDSWZIL3NRSUpweVIzV0ZoczUyZjVOVmd6K243THV1RTlaRVM1Qk1GQm5KODJ0NVkwPQ==","checksum":"92fe0b102b9703e19c6fee6443d2d25c"}
06-03-2017 @ 03:06:13 - ::1{"data":"UkxpeFE0T2N2aHNaNjZ0UWk4bmtPZXdYYW5kZzN1QVlFVjlMd1JMOUNxdVUySnE3VmVrVTJWRHk5UDJGaEZCT3FTT0VqR1QvVlVhZk96MVExM3Vnc0g5MllTYmdCeVlwSWZ2MTBmVk92ZzJyQkt0WG1uam80ZXpEbjRDSWZIL3NRSUpweVIzV0ZoczUyZjVOVmd6K243THV1RTlaRVM1Qk1GQm5KODJ0NVkwPQ==","checksum":"92fe0b102b9703e19c6fee6443d2d25c"}
06-03-2017 @ 03:07:14 - ::1{"data":"UkxpeFE0T2N2aHNaNjZ0UWk4bmtPZXdYYW5kZzN1QVlFVjlMd1JMOUNxdVUySnE3VmVrVTJWRHk5UDJGaEZCT3FTT0VqR1QvVlVhZk96MVExM3Vnc0g5MllTYmdCeVlwSWZ2MTBmVk92ZzJyQkt0WG1uam80ZXpEbjRDSWZIL3NRSUpweVIzV0ZoczUyZjVOVmd6K243THV1RTlaRVM1Qk1GQm5KODJ0NVkwPQ==","checksum":"92fe0b102b9703e19c6fee6443d2d25c"}
06-03-2017 @ 03:07:34 - ::1{"data":"UkxpeFE0T2N2aHNaNjZ0UWk4bmtPZXdYYW5kZzN1QVlFVjlMd1JMOUNxdVUySnE3VmVrVTJWRHk5UDJGaEZCT3FTT0VqR1QvVlVhZk96MVExM3Vnc0g5MllTYmdCeVlwSWZ2MTBmVk92ZzJyQkt0WG1uam80ZXpEbjRDSWZIL3NRSUpweVIzV0ZoczUyZjVOVmd6K243THV1RTlaRVM1Qk1GQm5KODJ0NVkwPQ==","checksum":"92fe0b102b9703e19c6fee6443d2d25c"}
06-03-2017 @ 03:07:42 - ::1{"data":"UkxpeFE0T2N2aHNaNjZ0UWk4bmtPZXdYYW5kZzN1QVlFVjlMd1JMOUNxdVUySnE3VmVrVTJWRHk5UDJGaEZCT3FTT0VqR1QvVlVhZk96MVExM3Vnc0g5MllTYmdCeVlwSWZ2MTBmVk92ZzJyQkt0WG1uam80ZXpEbjRDSWZIL3NRSUpweVIzV0ZoczUyZjVOVmd6K243THV1RTlaRVM1Qk1GQm5KODJ0NVkwPQ==","checksum":"92fe0b102b9703e19c6fee6443d2d25c"}
06-03-2017 @ 03:13:42 - ::1{"data":"UkxpeFE0T2N2aHNaNjZ0UWk4bmtPZXdYYW5kZzN1QVlFVjlMd1JMOUNxdVUySnE3VmVrVTJWRHk5UDJGaEZCT3FTT0VqR1QvVlVhZk96MVExM3Vnc0g5MllTYmdCeVlwSWZ2MTBmVk92ZzJyQkt0WG1uam80ZXpEbjRDSWZIL3NRSUpweVIzV0ZoczUyZjVOVmd6K243THV1RTlaRVM1Qk1GQm5KODJ0NVkwPQ==","checksum":"92fe0b102b9703e19c6fee6443d2d25c"}
06-03-2017 @ 03:13:56 - ::1{"data":"UkxpeFE0T2N2aHNaNjZ0UWk4bmtPZXdYYW5kZzN1QVlFVjlMd1JMOUNxdVUySnE3VmVrVTJWRHk5UDJGaEZCT3FTT0VqR1QvVlVhZk96MVExM3Vnc0g5MllTYmdCeVlwSWZ2MTBmVk92ZzJyQkt0WG1uam80ZXpEbjRDSWZIL3NRSUpweVIzV0ZoczUyZjVOVmd6K243THV1RTlaRVM1Qk1GQm5KODJ0NVkwPQ==","checksum":"92fe0b102b9703e19c6fee6443d2d25c"}
06-03-2017 @ 03:14:00 - ::1{"data":"UkxpeFE0T2N2aHNaNjZ0UWk4bmtPZXdYYW5kZzN1QVlFVjlMd1JMOUNxdVUySnE3VmVrVTJWRHk5UDJGaEZCT3FTT0VqR1QvVlVhZk96MVExM3Vnc0g5MllTYmdCeVlwSWZ2MTBmVk92ZzJyQkt0WG1uam80ZXpEbjRDSWZIL3NRSUpweVIzV0ZoczUyZjVOVmd6K243THV1RTlaRVM1Qk1GQm5KODJ0NVkwPQ==","checksum":"92fe0b102b9703e19c6fee6443d2d25c"}
06-03-2017 @ 03:14:07 - ::1{"data":"UkxpeFE0T2N2aHNaNjZ0UWk4bmtPZXdYYW5kZzN1QVlFVjlMd1JMOUNxdVUySnE3VmVrVTJWRHk5UDJGaEZCT3FTT0VqR1QvVlVhZk96MVExM3Vnc0g5MllTYmdCeVlwSWZ2MTBmVk92ZzJyQkt0WG1uam80ZXpEbjRDSWZIL3NRSUpweVIzV0ZoczUyZjVOVmd6K243THV1RTlaRVM1Qk1GQm5KODJ0NVkwPQ==","checksum":"92fe0b102b9703e19c6fee6443d2d25c"}
06-03-2017 @ 03:14:17 - ::1{"data":"UkxpeFE0T2N2aHNaNjZ0UWk4bmtPZXdYYW5kZzN1QVlFVjlMd1JMOUNxdVUySnE3VmVrVTJWRHk5UDJGaEZCT3FTT0VqR1QvVlVhZk96MVExM3Vnc0g5MllTYmdCeVlwSWZ2MTBmVk92ZzJyQkt0WG1uam80ZXpEbjRDSWZIL3NRSUpweVIzV0ZoczUyZjVOVmd6K243THV1RTlaRVM1Qk1GQm5KODJ0NVkwPQ==","checksum":"92fe0b102b9703e19c6fee6443d2d25c"}
06-03-2017 @ 03:14:26 - ::1{"data":"UkxpeFE0T2N2aHNaNjZ0UWk4bmtPZXdYYW5kZzN1QVlFVjlMd1JMOUNxdVUySnE3VmVrVTJWRHk5UDJGaEZCT3FTT0VqR1QvVlVhZk96MVExM3Vnc0g5MllTYmdCeVlwSWZ2MTBmVk92ZzJyQkt0WG1uam80ZXpEbjRDSWZIL3NRSUpweVIzV0ZoczUyZjVOVmd6K243THV1RTlaRVM1Qk1GQm5KODJ0NVkwPQ==","checksum":"92fe0b102b9703e19c6fee6443d2d25c"}
06-03-2017 @ 03:14:54 - ::1{"data":"UkxpeFE0T2N2aHNaNjZ0UWk4bmtPZXdYYW5kZzN1QVlFVjlMd1JMOUNxdVUySnE3VmVrVTJWRHk5UDJGaEZCT3FTT0VqR1QvVlVhZk96MVExM3Vnc0g5MllTYmdCeVlwSWZ2MTBmVk92ZzJyQkt0WG1uam80ZXpEbjRDSWZIL3NRSUpweVIzV0ZoczUyZjVOVmd6K243THV1RTlaRVM1Qk1GQm5KODJ0NVkwPQ==","checksum":"92fe0b102b9703e19c6fee6443d2d25c"}
06-03-2017 @ 03:15:15 - ::1{"data":"UkxpeFE0T2N2aHNaNjZ0UWk4bmtPZXdYYW5kZzN1QVlFVjlMd1JMOUNxdVUySnE3VmVrVTJWRHk5UDJGaEZCT3FTT0VqR1QvVlVhZk96MVExM3Vnc0g5MllTYmdCeVlwSWZ2MTBmVk92ZzJyQkt0WG1uam80ZXpEbjRDSWZIL3NRSUpweVIzV0ZoczUyZjVOVmd6K243THV1RTlaRVM1Qk1GQm5KODJ0NVkwPQ==","checksum":"92fe0b102b9703e19c6fee6443d2d25c"}
06-03-2017 @ 03:17:50 - ::1{"data":"UkxpeFE0T2N2aHNaNjZ0UWk4bmtPZXdYYW5kZzN1QVlFVjlMd1JMOUNxdVUySnE3VmVrVTJWRHk5UDJGaEZCT3FTT0VqR1QvVlVhZk96MVExM3Vnc0g5MllTYmdCeVlwSWZ2MTBmVk92ZzJyQkt0WG1uam80ZXpEbjRDSWZIL3NRSUpweVIzV0ZoczUyZjVOVmd6K243THV1RTlaRVM1Qk1GQm5KODJ0NVkwPQ==","checksum":"92fe0b102b9703e19c6fee6443d2d25c"}
06-03-2017 @ 03:18:07 - ::1{"data":"UkxpeFE0T2N2aHNaNjZ0UWk4bmtPZXdYYW5kZzN1QVlFVjlMd1JMOUNxdVUySnE3VmVrVTJWRHk5UDJGaEZCT3FTT0VqR1QvVlVhZk96MVExM3Vnc0g5MllTYmdCeVlwSWZ2MTBmVk92ZzJyQkt0WG1uam80ZXpEbjRDSWZIL3NRSUpweVIzV0ZoczUyZjVOVmd6K243THV1RTlaRVM1Qk1GQm5KODJ0NVkwPQ==","checksum":"92fe0b102b9703e19c6fee6443d2d25c"}
06-03-2017 @ 03:18:28 - ::1{"data":"UkxpeFE0T2N2aHNaNjZ0UWk4bmtPZXdYYW5kZzN1QVlFVjlMd1JMOUNxdVUySnE3VmVrVTJWRHk5UDJGaEZCT3FTT0VqR1QvVlVhZk96MVExM3Vnc0g5MllTYmdCeVlwSWZ2MTBmVk92ZzJyQkt0WG1uam80ZXpEbjRDSWZIL3NRSUpweVIzV0ZoczUyZjVOVmd6K243THV1RTlaRVM1Qk1GQm5KODJ0NVkwPQ==","checksum":"92fe0b102b9703e19c6fee6443d2d25c"}
06-03-2017 @ 03:19:22 - ::1{"data":"UkxpeFE0T2N2aHNaNjZ0UWk4bmtPZXdYYW5kZzN1QVlFVjlMd1JMOUNxdVUySnE3VmVrVTJWRHk5UDJGaEZCT3FTT0VqR1QvVlVhZk96MVExM3Vnc0g5MllTYmdCeVlwSWZ2MTBmVk92ZzJyQkt0WG1uam80ZXpEbjRDSWZIL3NRSUpweVIzV0ZoczUyZjVOVmd6K243THV1RTlaRVM1Qk1GQm5KODJ0NVkwPQ==","checksum":"92fe0b102b9703e19c6fee6443d2d25c"}
06-03-2017 @ 03:20:49 - ::1{"data":"UkxpeFE0T2N2aHNaNjZ0UWk4bmtPZXdYYW5kZzN1QVlFVjlMd1JMOUNxdVUySnE3VmVrVTJWRHk5UDJGaEZCT3FTT0VqR1QvVlVhZk96MVExM3Vnc0g5MllTYmdCeVlwSWZ2MTBmVk92ZzJyQkt0WG1uam80ZXpEbjRDSWZIL3NRSUpweVIzV0ZoczUyZjVOVmd6K243THV1RTlaRVM1Qk1GQm5KODJ0NVkwPQ==","checksum":"92fe0b102b9703e19c6fee6443d2d25c"}
06-03-2017 @ 03:24:36 - ::1{"data":"UkxpeFE0T2N2aHNaNjZ0UWk4bmtPZXdYYW5kZzN1QVlFVjlMd1JMOUNxdVUySnE3VmVrVTJWRHk5UDJGaEZCT3FTT0VqR1QvVlVhZk96MVExM3Vnc0g5MllTYmdCeVlwSWZ2MTBmVk92ZzJyQkt0WG1uam80ZXpEbjRDSWZIL3NRSUpweVIzV0ZoczUyZjVOVmd6K243THV1RTlaRVM1Qk1GQm5KODJ0NVkwPQ==","checksum":"92fe0b102b9703e19c6fee6443d2d25c"}
06-03-2017 @ 03:31:25 - ::1{"data":"UkxpeFE0T2N2aHNaNjZ0UWk4bmtPZXdYYW5kZzN1QVlFVjlMd1JMOUNxdVUySnE3VmVrVTJWRHk5UDJGaEZCT3FTT0VqR1QvVlVhZk96MVExM3Vnc0g5MllTYmdCeVlwSWZ2MTBmVk92ZzJyQkt0WG1uam80ZXpEbjRDSWZIL3NRSUpweVIzV0ZoczUyZjVOVmd6K243THV1RTlaRVM1Qk1GQm5KODJ0NVkwPQ==","checksum":"92fe0b102b9703e19c6fee6443d2d25c"}
06-03-2017 @ 03:32:53 - ::1{"data":"UkxpeFE0T2N2aHNaNjZ0UWk4bmtPZXdYYW5kZzN1QVlFVjlMd1JMOUNxdVUySnE3VmVrVTJWRHk5UDJGaEZCT3FTT0VqR1QvVlVhZk96MVExM3Vnc0g5MllTYmdCeVlwSWZ2MTBmVk92ZzJyQkt0WG1uam80ZXpEbjRDSWZIL3NRSUpweVIzV0ZoczUyZjVOVmd6K243THV1RTlaRVM1Qk1GQm5KODJ0NVkwPQ==","checksum":"92fe0b102b9703e19c6fee6443d2d25c"}
06-03-2017 @ 03:34:33 - ::1{"data":"UkxpeFE0T2N2aHNaNjZ0UWk4bmtPZXdYYW5kZzN1QVlFVjlMd1JMOUNxdVUySnE3VmVrVTJWRHk5UDJGaEZCT3FTT0VqR1QvVlVhZk96MVExM3Vnc0g5MllTYmdCeVlwSWZ2MTBmVk92ZzJyQkt0WG1uam80ZXpEbjRDSWZIL3NRSUpweVIzV0ZoczUyZjVOVmd6K243THV1RTlaRVM1Qk1GQm5KODJ0NVkwPQ==","checksum":"92fe0b102b9703e19c6fee6443d2d25c"}
06-03-2017 @ 03:35:03 - ::1{"data":"UkxpeFE0T2N2aHNaNjZ0UWk4bmtPZXdYYW5kZzN1QVlFVjlMd1JMOUNxdVUySnE3VmVrVTJWRHk5UDJGaEZCT3FTT0VqR1QvVlVhZk96MVExM3Vnc0g5MllTYmdCeVlwSWZ2MTBmVk92ZzJyQkt0WG1uam80ZXpEbjRDSWZIL3NRSUpweVIzV0ZoczUyZjVOVmd6K243THV1RTlaRVM1Qk1GQm5KODJ0NVkwPQ==","checksum":"92fe0b102b9703e19c6fee6443d2d25c"}
06-03-2017 @ 03:35:34 - ::1{"data":"UkxpeFE0T2N2aHNaNjZ0UWk4bmtPZXdYYW5kZzN1QVlFVjlMd1JMOUNxdVUySnE3VmVrVTJWRHk5UDJGaEZCT3FTT0VqR1QvVlVhZk96MVExM3Vnc0g5MllTYmdCeVlwSWZ2MTBmVk92ZzJyQkt0WG1uam80ZXpEbjRDSWZIL3NRSUpweVIzV0ZoczUyZjVOVmd6K243THV1RTlaRVM1Qk1GQm5KODJ0NVkwPQ==","checksum":"92fe0b102b9703e19c6fee6443d2d25c"}
06-03-2017 @ 03:35:34 - Cập nhật đơn hàng ID: 12a622e3cc2242ed90d80aa2cd7ac6da trạng thái Đợi người mua xác nhận trả góp tại ngân hàng
06-03-2017 @ 03:35:52 - ::1{"data":"UkxpeFE0T2N2aHNaNjZ0UWk4bmtPZXdYYW5kZzN1QVlFVjlMd1JMOUNxdVUySnE3VmVrVTJWRHk5UDJGaEZCT3FTT0VqR1QvVlVhZk96MVExM3Vnc0g5MllTYmdCeVlwSWZ2MTBmVk92ZzJyQkt0WG1uam80ZXpEbjRDSWZIL3NRSUpweVIzV0ZoczUyZjVOVmd6K243THV1RTlaRVM1Qk1GQm5KODJ0NVkwPQ==","checksum":"92fe0b102b9703e19c6fee6443d2d25c"}
06-03-2017 @ 03:35:53 - Cập nhật đơn hàng ID: 12a622e3cc2242ed90d80aa2cd7ac6da trạng thái Đợi người mua xác nhận trả góp tại ngân hàng
06-03-2017 @ 03:36:07 - ::1{"data":"UkxpeFE0T2N2aHNaNjZ0UWk4bmtPZXdYYW5kZzN1QVlFVjlMd1JMOUNxdVUySnE3VmVrVTJWRHk5UDJGaEZCT3FTT0VqR1QvVlVhZk96MVExM3Vnc0g5MllTYmdCeVlwSWZ2MTBmVk92ZzJyQkt0WG1uam80ZXpEbjRDSWZIL3NRSUpweVIzV0ZoczUyZjVOVmd6K243THV1RTlaRVM1Qk1GQm5KODJ0NVkwPQ==","checksum":"92fe0b102b9703e19c6fee6443d2d25c"}
06-03-2017 @ 03:36:07 - Cập nhật đơn hàng ID: 12a622e3cc2242ed90d80aa2cd7ac6da trạng thái Đợi người mua xác nhận trả góp tại ngân hàng
06-03-2017 @ 03:36:13 - ::1{"data":"UkxpeFE0T2N2aHNaNjZ0UWk4bmtPZXdYYW5kZzN1QVlFVjlMd1JMOUNxdVUySnE3VmVrVTJWRHk5UDJGaEZCT3FTT0VqR1QvVlVhZk96MVExM3Vnc0g5MllTYmdCeVlwSWZ2MTBmVk92ZzJyQkt0WG1uam80ZXpEbjRDSWZIL3NRSUpweVIzV0ZoczUyZjVOVmd6K243THV1RTlaRVM1Qk1GQm5KODJ0NVkwPQ==","checksum":"92fe0b102b9703e19c6fee6443d2d25c"}
06-03-2017 @ 03:36:13 - Cập nhật đơn hàng ID: 12a622e3cc2242ed90d80aa2cd7ac6da trạng thái Đợi người mua xác nhận trả góp tại ngân hàng
06-03-2017 @ 03:36:22 - ::1{"data":"UkxpeFE0T2N2aHNaNjZ0UWk4bmtPZXdYYW5kZzN1QVlFVjlMd1JMOUNxdVUySnE3VmVrVTJWRHk5UDJGaEZCT3FTT0VqR1QvVlVhZk96MVExM3Vnc0g5MllTYmdCeVlwSWZ2MTBmVk92ZzJyQkt0WG1uam80ZXpEbjRDSWZIL3NRSUpweVIzV0ZoczUyZjVOVmd6K243THV1RTlaRVM1Qk1GQm5KODJ0NVkwPQ==","checksum":"92fe0b102b9703e19c6fee6443d2d25c"}
06-03-2017 @ 03:36:22 - Cập nhật đơn hàng ID: 12a622e3cc2242ed90d80aa2cd7ac6da trạng thái Đợi người mua xác nhận trả góp tại ngân hàng
06-03-2017 @ 03:41:36 - ::1{"data":"UkxpeFE0T2N2aHNaNjZ0UWk4bmtPZXdYYW5kZzN1QVlFVjlMd1JMOUNxdVUySnE3VmVrVTJWRHk5UDJGaEZCT3FTT0VqR1QvVlVhZk96MVExM3Vnc0g5MllTYmdCeVlwSWZ2MTBmVk92ZzJyQkt0WG1uam80ZXpEbjRDSWZIL3NRSUpweVIzV0ZoczUyZjVOVmd6K243THV1RTlaRVM1Qk1GQm5KODJ0NVkwPQ==","checksum":"92fe0b102b9703e19c6fee6443d2d25c"}
06-03-2017 @ 03:41:36 - Cập nhật đơn hàng ID: 12a622e3cc2242ed90d80aa2cd7ac6da trạng thái Đợi người mua xác nhận trả góp tại ngân hàng
06-03-2017 @ 03:46:09 - token=>3202060a6b54408290f16c4094e7bb7b
06-03-2017 @ 03:46:09 - checkoutUrl=>http://test.alepay.vn/checkout/v1/3202060a6b54408290f16c4094e7bb7b/vi
06-03-2017 @ 03:46:56 - ::1{"data":"S2lINHhQTEttNzdEd0I1Q1J4SFcwdms2aWtMbGx3enVJMElQek9DNjJob0pKTG03ZHJRVVhCL1paOVRaZndtMDAyaVdvY0Z1bGg5SFVLU2FlZnJjcWI5aDF3UXpPZ0NwU2laVUN4ZEVqRkgyU2JYWFpTa1Vvc1B5Y1ZJMTRZL2hDQUhqY2FVKzRjOEVHMWwwbmJnSy9vUnN3TndaMG5jaHRqOGtzMzVqaEw4PQ==","checksum":"250683010d36efd8badf0cd032690ff1"}
06-03-2017 @ 03:46:56 - Cập nhật đơn hàng ID: 3202060a6b54408290f16c4094e7bb7b trạng thái Đợi người mua xác nhận trả góp tại ngân hàng
06-03-2017 @ 03:55:39 - token=>a6f09e7de296457084b0db7dcf4de19c
06-03-2017 @ 03:55:39 - checkoutUrl=>http://test.alepay.vn/checkout/v1/a6f09e7de296457084b0db7dcf4de19c/vi
06-03-2017 @ 03:56:24 - ::1{"data":"RnlQNE5QUGRYTWk4dEUycE1ZamJKeDhUeGFuOWdYN1A3TVRRUGtENldJZWVmVk53a3E2Tnd6cE91QlJRNkh1YUhuaVFGVE1OYnhyVzZhMTlockNUTFZ3MDh1NytzdnYvOFdqZ2Iwci84V1QxUGF0dWhyU3VDMVJQazgxakJPem5RaUx0QW01dEpRNVpJblFsRno4SFVJV1BzN081SjJCOWhqOGR3RThVcndrPQ==","checksum":"1b25394c15eaeebb1d0dad5304e50cd3"}
06-03-2017 @ 03:56:24 - Cập nhật đơn hàng ID: a6f09e7de296457084b0db7dcf4de19c trạng thái Đợi người mua xác nhận trả góp tại ngân hàng
06-03-2017 @ 03:56:58 - ::1{"data":"RnlQNE5QUGRYTWk4dEUycE1ZamJKeDhUeGFuOWdYN1A3TVRRUGtENldJZWVmVk53a3E2Tnd6cE91QlJRNkh1YUhuaVFGVE1OYnhyVzZhMTlockNUTFZ3MDh1NytzdnYvOFdqZ2Iwci84V1QxUGF0dWhyU3VDMVJQazgxakJPem5RaUx0QW01dEpRNVpJblFsRno4SFVJV1BzN081SjJCOWhqOGR3RThVcndrPQ==","checksum":"1b25394c15eaeebb1d0dad5304e50cd3"}
06-03-2017 @ 03:57:18 - ::1{"data":"RnlQNE5QUGRYTWk4dEUycE1ZamJKeDhUeGFuOWdYN1A3TVRRUGtENldJZWVmVk53a3E2Tnd6cE91QlJRNkh1YUhuaVFGVE1OYnhyVzZhMTlockNUTFZ3MDh1NytzdnYvOFdqZ2Iwci84V1QxUGF0dWhyU3VDMVJQazgxakJPem5RaUx0QW01dEpRNVpJblFsRno4SFVJV1BzN081SjJCOWhqOGR3RThVcndrPQ==","checksum":"1b25394c15eaeebb1d0dad5304e50cd3"}
06-03-2017 @ 04:13:33 - ::1{"data":"RnlQNE5QUGRYTWk4dEUycE1ZamJKeDhUeGFuOWdYN1A3TVRRUGtENldJZWVmVk53a3E2Tnd6cE91QlJRNkh1YUhuaVFGVE1OYnhyVzZhMTlockNUTFZ3MDh1NytzdnYvOFdqZ2Iwci84V1QxUGF0dWhyU3VDMVJQazgxakJPem5RaUx0QW01dEpRNVpJblFsRno4SFVJV1BzN081SjJCOWhqOGR3RThVcndrPQ==","checksum":"1b25394c15eaeebb1d0dad5304e50cd3"}
06-03-2017 @ 04:13:33 - Cập nhật đơn hàng ID: a6f09e7de296457084b0db7dcf4de19c trạng thái Đợi người mua xác nhận trả góp tại ngân hàng
06-03-2017 @ 04:59:41 - token=>51e7cc627fbe4df2bbb08a5e974f7703
06-03-2017 @ 04:59:41 - checkoutUrl=>http://test.alepay.vn/checkout/v1/51e7cc627fbe4df2bbb08a5e974f7703/vi
06-03-2017 @ 05:00:35 - ::1{"data":"VngxZFdJRDNjWmxoSVduL0NScG11L0trQW5zbVJ4S212WlZFRXo1cVp2YUVaS2NTc3FOeDUvU2dSOVhvZXFmTlhsYnRrTmdtK1FyREpMQ2wzZ0diVmU0bThVdEpnZ25LV3dVMUZGN0pEQzBJNWtDcEtIdXFWclFxQlYvazdzR0dDTzBrSjVBVW40SXJEcGlpTGJmRHp3MnUyVE1WcWl2U1ZJSzQwNS9xQzg4PQ==","checksum":"6849e5b0c886e7449ce0e2e0a90f1bc3"}
06-03-2017 @ 05:01:04 - ::1{"data":"VngxZFdJRDNjWmxoSVduL0NScG11L0trQW5zbVJ4S212WlZFRXo1cVp2YUVaS2NTc3FOeDUvU2dSOVhvZXFmTlhsYnRrTmdtK1FyREpMQ2wzZ0diVmU0bThVdEpnZ25LV3dVMUZGN0pEQzBJNWtDcEtIdXFWclFxQlYvazdzR0dDTzBrSjVBVW40SXJEcGlpTGJmRHp3MnUyVE1WcWl2U1ZJSzQwNS9xQzg4PQ==","checksum":"6849e5b0c886e7449ce0e2e0a90f1bc3"}
06-03-2017 @ 05:01:04 - Cập nhật đơn hàng ID: 51e7cc627fbe4df2bbb08a5e974f7703 trạng thái Đợi người mua xác nhận trả góp tại ngân hàng
06-03-2017 @ 05:01:59 - token=>e964b46a5914471fa0613ea48e4b3003
06-03-2017 @ 05:01:59 - checkoutUrl=>http://test.alepay.vn/checkout/v1/e964b46a5914471fa0613ea48e4b3003/vi
06-03-2017 @ 05:02:39 - ::1{"data":"TzFYaTZ2T0xBY1N2MnZQMFRLOHh2NVduamVaQmVuUnlvSnVpY25uUERJNGEvcGE0ZkZIdVYvNWdvQnRNcEIvSWt4QytXY3l6dXN1OG9YT0tHRXNIUEhjbHFLdjBCVm1XUzdVcDRFQWM4NWt0WVU0U1ppT0huTzNobitzRnpQWHVHVXBxVVZObE1QZnhoT0JwckozYkF5d2xFMVNldkV5OXZ3L2c3a296bGJNPQ==","checksum":"8322726221ba29c314a9d6db8e48cabe"}
06-03-2017 @ 05:02:39 - Cập nhật đơn hàng ID: e964b46a5914471fa0613ea48e4b3003 trạng thái Đợi người mua xác nhận trả góp tại ngân hàng
06-03-2017 @ 05:04:27 - token=>2b95fd2e3f1241bdac2b1cb2f514b144
06-03-2017 @ 05:04:27 - checkoutUrl=>http://test.alepay.vn/checkout/v1/2b95fd2e3f1241bdac2b1cb2f514b144/vi
06-03-2017 @ 05:05:17 - ::1{"data":"Y0dpYUJGY1RYend6bU5kUVA3bnFZM3U0OVY2MC9sbFBrekdxaTM1NUZnMnU3d04xVkxqOTgxUWpzalR4b0QyR3R5eGowazZxdE9vNzNveWlZWHh1QTlDTVd1dkNmNFdGRWJ4TDJ2YVdQQnc3ZDVyZC9ldlNJTWVrQkRIVW5yempiMHVDM0YvZTJqekpWd2ZrQUJxbExzaGJRakhPMTdaQis2OFk2eEFrU21nPQ==","checksum":"9b23f9fbbfd3ae86e6246fc3aae18d0c"}
06-03-2017 @ 05:05:17 - Cập nhật đơn hàng ID: 2b95fd2e3f1241bdac2b1cb2f514b144 trạng thái Đợi người mua xác nhận trả góp tại ngân hàng
06-03-2017 @ 05:06:53 - token=>83be398e50f64379bae7bab36d66caf6
06-03-2017 @ 05:06:53 - checkoutUrl=>http://test.alepay.vn/checkout/v1/83be398e50f64379bae7bab36d66caf6/vi
06-03-2017 @ 05:11:08 - token=>5a4267c4fa644c69a04031e0c5545ec1
06-03-2017 @ 05:11:08 - checkoutUrl=>http://test.alepay.vn/checkout/v1/5a4267c4fa644c69a04031e0c5545ec1/vi
06-03-2017 @ 05:12:26 - ::1{"data":"QUJqSmdaYUl1MnQ2M1FibEtvWURjQ3d1RDRUWGR2UUVlQUpodjYzK1d1V3ErbXRMc0ZPU1ZYaVVManVoNk5lTWRyZHBWODVLeEE5UkhOdStSUkRYdXRheWc2em5hNE16anU1R2RLN0EzRjZhV083MlFKVEFaMEVXVlBjd3d4VGRqeEN6RUR1ZVEvMThhVmlZaHArU2R2QjJOTG1icWpFSk5UNmhwY1FMN25RPQ==","checksum":"36950eb0157b46158ec401f97bea2c4a"}
06-03-2017 @ 05:13:03 - ::1{"data":"QUJqSmdaYUl1MnQ2M1FibEtvWURjQ3d1RDRUWGR2UUVlQUpodjYzK1d1V3ErbXRMc0ZPU1ZYaVVManVoNk5lTWRyZHBWODVLeEE5UkhOdStSUkRYdXRheWc2em5hNE16anU1R2RLN0EzRjZhV083MlFKVEFaMEVXVlBjd3d4VGRqeEN6RUR1ZVEvMThhVmlZaHArU2R2QjJOTG1icWpFSk5UNmhwY1FMN25RPQ==","checksum":"36950eb0157b46158ec401f97bea2c4a"}
06-03-2017 @ 05:13:03 - Cập nhật đơn hàng ID: 5a4267c4fa644c69a04031e0c5545ec1 trạng thái Đợi người mua xác nhận trả góp tại ngân hàng
06-04-2017 @ 00:42:36 - token=>51197d97df1648988b6024a14f996bb8
06-04-2017 @ 00:42:36 - checkoutUrl=>http://test.alepay.vn/checkout/v1/51197d97df1648988b6024a14f996bb8/vi
06-04-2017 @ 00:43:23 - ::1{"data":"Wi9uODkrcFNzQ09TamhPekVGSVlLTVRqVHM0WTQvZ0RiU3FGeS9vVlJkQVlMS2ZJNzhjVGRRQ3h6c2VNTUlTUHhkN0szZFNwSWl6NkhtUlY2OUhuMVBBSXhWK3FOck5NdWkyQ2MzQUtoR0hMOEtKS0FkalQ1YjNzc0paRnc2NWthcHFKdDR6TUFoYmJnbkl1Y0RabjdCOTdBcnA1L2pMcjlxbEVFdUtKKzZBPQ==","checksum":"2a6bf42e82418b5fe0b52a1d0767c8e9"}
06-04-2017 @ 00:43:23 - Cập nhật đơn hàng ID: 51197d97df1648988b6024a14f996bb8 trạng thái Đợi người mua xác nhận trả góp tại ngân hàng
06-04-2017 @ 01:22:44 - token=>82dd90e37c1b4fb1a28dec42732df86c
06-04-2017 @ 01:22:44 - checkoutUrl=>http://test.alepay.vn/checkout/v1/82dd90e37c1b4fb1a28dec42732df86c/vi
06-04-2017 @ 01:23:58 - ::1{"data":"TWIyV09XY0pGSGczZEJFVEdjVEdBKzFKWk1kZDZFQzF3bXNkaWQ0VHlUdElGUWQrYjlSNVJIVFVnd0sxY0xrejBpeGFaKzB2WlR3aCtmdEtQSTJZS0xmNXc4bU5Cc3JacThuajV4RkRNNm1lbjJmdVpUOUJDR05uZllVN1YvSzhnd1JDT04xeUw4UklEVTVoVUhyY1dsUmxCdXloQytGRmx5ZG1rdGQ4akVJPQ==","checksum":"3a77b2c8ea3e2ece8954a22c48298b6e"}
06-04-2017 @ 01:25:19 - ::1{"data":"TWIyV09XY0pGSGczZEJFVEdjVEdBKzFKWk1kZDZFQzF3bXNkaWQ0VHlUdElGUWQrYjlSNVJIVFVnd0sxY0xrejBpeGFaKzB2WlR3aCtmdEtQSTJZS0xmNXc4bU5Cc3JacThuajV4RkRNNm1lbjJmdVpUOUJDR05uZllVN1YvSzhnd1JDT04xeUw4UklEVTVoVUhyY1dsUmxCdXloQytGRmx5ZG1rdGQ4akVJPQ==","checksum":"3a77b2c8ea3e2ece8954a22c48298b6e"}
06-04-2017 @ 01:25:46 - ::1{"data":"TWIyV09XY0pGSGczZEJFVEdjVEdBKzFKWk1kZDZFQzF3bXNkaWQ0VHlUdElGUWQrYjlSNVJIVFVnd0sxY0xrejBpeGFaKzB2WlR3aCtmdEtQSTJZS0xmNXc4bU5Cc3JacThuajV4RkRNNm1lbjJmdVpUOUJDR05uZllVN1YvSzhnd1JDT04xeUw4UklEVTVoVUhyY1dsUmxCdXloQytGRmx5ZG1rdGQ4akVJPQ==","checksum":"3a77b2c8ea3e2ece8954a22c48298b6e"}
06-04-2017 @ 01:26:02 - ::1{"data":"TWIyV09XY0pGSGczZEJFVEdjVEdBKzFKWk1kZDZFQzF3bXNkaWQ0VHlUdElGUWQrYjlSNVJIVFVnd0sxY0xrejBpeGFaKzB2WlR3aCtmdEtQSTJZS0xmNXc4bU5Cc3JacThuajV4RkRNNm1lbjJmdVpUOUJDR05uZllVN1YvSzhnd1JDT04xeUw4UklEVTVoVUhyY1dsUmxCdXloQytGRmx5ZG1rdGQ4akVJPQ==","checksum":"3a77b2c8ea3e2ece8954a22c48298b6e"}
06-04-2017 @ 01:26:57 - ::1{"data":"TWIyV09XY0pGSGczZEJFVEdjVEdBKzFKWk1kZDZFQzF3bXNkaWQ0VHlUdElGUWQrYjlSNVJIVFVnd0sxY0xrejBpeGFaKzB2WlR3aCtmdEtQSTJZS0xmNXc4bU5Cc3JacThuajV4RkRNNm1lbjJmdVpUOUJDR05uZllVN1YvSzhnd1JDT04xeUw4UklEVTVoVUhyY1dsUmxCdXloQytGRmx5ZG1rdGQ4akVJPQ==","checksum":"3a77b2c8ea3e2ece8954a22c48298b6e"}
06-04-2017 @ 01:28:58 - ::1{"data":"TWIyV09XY0pGSGczZEJFVEdjVEdBKzFKWk1kZDZFQzF3bXNkaWQ0VHlUdElGUWQrYjlSNVJIVFVnd0sxY0xrejBpeGFaKzB2WlR3aCtmdEtQSTJZS0xmNXc4bU5Cc3JacThuajV4RkRNNm1lbjJmdVpUOUJDR05uZllVN1YvSzhnd1JDT04xeUw4UklEVTVoVUhyY1dsUmxCdXloQytGRmx5ZG1rdGQ4akVJPQ==","checksum":"3a77b2c8ea3e2ece8954a22c48298b6e"}
06-04-2017 @ 01:30:05 - ::1{"data":"TWIyV09XY0pGSGczZEJFVEdjVEdBKzFKWk1kZDZFQzF3bXNkaWQ0VHlUdElGUWQrYjlSNVJIVFVnd0sxY0xrejBpeGFaKzB2WlR3aCtmdEtQSTJZS0xmNXc4bU5Cc3JacThuajV4RkRNNm1lbjJmdVpUOUJDR05uZllVN1YvSzhnd1JDT04xeUw4UklEVTVoVUhyY1dsUmxCdXloQytGRmx5ZG1rdGQ4akVJPQ==","checksum":"3a77b2c8ea3e2ece8954a22c48298b6e"}
06-04-2017 @ 01:30:17 - ::1{"data":"TWIyV09XY0pGSGczZEJFVEdjVEdBKzFKWk1kZDZFQzF3bXNkaWQ0VHlUdElGUWQrYjlSNVJIVFVnd0sxY0xrejBpeGFaKzB2WlR3aCtmdEtQSTJZS0xmNXc4bU5Cc3JacThuajV4RkRNNm1lbjJmdVpUOUJDR05uZllVN1YvSzhnd1JDT04xeUw4UklEVTVoVUhyY1dsUmxCdXloQytGRmx5ZG1rdGQ4akVJPQ==","checksum":"3a77b2c8ea3e2ece8954a22c48298b6e"}
06-04-2017 @ 01:59:58 - Cập nhật đơn hàng ID: 125 trạng thái 
06-04-2017 @ 01:59:58 - token=>067e580539034455b9738ab6fb17358d
06-04-2017 @ 01:59:58 - checkoutUrl=>http://test.alepay.vn/checkout/v1/067e580539034455b9738ab6fb17358d/vi
06-04-2017 @ 02:02:57 - Cập nhật đơn hàng ID: 126 trạng thái 
06-04-2017 @ 02:02:57 - token=>8faecd6224a14c3a8088bfa8b37f93d3
06-04-2017 @ 02:02:57 - checkoutUrl=>http://test.alepay.vn/checkout/v1/8faecd6224a14c3a8088bfa8b37f93d3/vi
06-04-2017 @ 02:06:56 - Cập nhật đơn hàng ID: 132 trạng thái 
06-04-2017 @ 02:06:56 - token=>c09fc8e5011a456489f6036667b8e1ec
06-04-2017 @ 02:06:56 - checkoutUrl=>http://test.alepay.vn/checkout/v1/c09fc8e5011a456489f6036667b8e1ec/vi
06-04-2017 @ 02:07:51 - ::1{"data":"aC9BTytBRjNGUUUwWU5KWmwvbmJsajJBQzZUc0l6NlNSUFhONEg0RnhFbGt0bkZvVTFJcnovMDRPT2Z0TDZCS29xNkYwRzVlODBNYndrcmFDU1htb1I0WkpoMlRuSEZqYlhIUU95eDU2YmRFSUh5NWVTZ3EwVkp0QVZvc1dLcmxHVXdsY1pOZTZob1liRk5yNExvaTM0NUVoSDUrZFZKdXNLS1Z3bVFFb09VPQ==","checksum":"824a23167613357bd4c9a03a85eebe04"}
06-04-2017 @ 02:10:09 - Cập nhật đơn hàng ID: 133 trạng thái 
06-04-2017 @ 02:10:09 - token=>21608cbaa32d4e81872c3b2335bff714
06-04-2017 @ 02:10:09 - checkoutUrl=>http://test.alepay.vn/checkout/v1/21608cbaa32d4e81872c3b2335bff714/vi
06-04-2017 @ 02:11:12 - ::1{"data":"SEJwMHdTSTBOSkJHQkp3U2hqU1dEckIvMFozRCszZTVWNFkwdGlTaWpPYmFJc29ZUGRmM2F6eWQzU3hGN1pEQW5rdTNoNlZjQkFnM0wvU3hqT3dERURKZFZRRFV5SktTQURaTkxXVTNzMTJJTnJMSmVWdWJ2RVRnVmNaL3lkM2wveFhycWo1MUxvamtzMXpUUEE2R1djUGJxV3JmTTBPSDhBNzIxZWdLY25ZPQ==","checksum":"9309306647500efb6599f66d813554d2"}
06-04-2017 @ 02:12:07 - ::1{"data":"SEJwMHdTSTBOSkJHQkp3U2hqU1dEckIvMFozRCszZTVWNFkwdGlTaWpPYmFJc29ZUGRmM2F6eWQzU3hGN1pEQW5rdTNoNlZjQkFnM0wvU3hqT3dERURKZFZRRFV5SktTQURaTkxXVTNzMTJJTnJMSmVWdWJ2RVRnVmNaL3lkM2wveFhycWo1MUxvamtzMXpUUEE2R1djUGJxV3JmTTBPSDhBNzIxZWdLY25ZPQ==","checksum":"9309306647500efb6599f66d813554d2"}
06-04-2017 @ 02:12:25 - ::1{"data":"SEJwMHdTSTBOSkJHQkp3U2hqU1dEckIvMFozRCszZTVWNFkwdGlTaWpPYmFJc29ZUGRmM2F6eWQzU3hGN1pEQW5rdTNoNlZjQkFnM0wvU3hqT3dERURKZFZRRFV5SktTQURaTkxXVTNzMTJJTnJMSmVWdWJ2RVRnVmNaL3lkM2wveFhycWo1MUxvamtzMXpUUEE2R1djUGJxV3JmTTBPSDhBNzIxZWdLY25ZPQ==","checksum":"9309306647500efb6599f66d813554d2"}
06-04-2017 @ 02:12:43 - ::1{"data":"SEJwMHdTSTBOSkJHQkp3U2hqU1dEckIvMFozRCszZTVWNFkwdGlTaWpPYmFJc29ZUGRmM2F6eWQzU3hGN1pEQW5rdTNoNlZjQkFnM0wvU3hqT3dERURKZFZRRFV5SktTQURaTkxXVTNzMTJJTnJMSmVWdWJ2RVRnVmNaL3lkM2wveFhycWo1MUxvamtzMXpUUEE2R1djUGJxV3JmTTBPSDhBNzIxZWdLY25ZPQ==","checksum":"9309306647500efb6599f66d813554d2"}
06-05-2017 @ 02:21:54 - Cập nhật đơn hàng ID: 104 trạng thái 
06-05-2017 @ 02:21:54 - token=>1872e8d9b91745719d034db17a61727e
06-05-2017 @ 02:21:54 - checkoutUrl=>http://test.alepay.vn/checkout/v1/1872e8d9b91745719d034db17a61727e/vi
06-05-2017 @ 02:22:34 - ::1{"data":"ZEZOcUkvbnlMV2NIR3Z6eWozd0l0T2QwTGhUU1g1TjBkSmM3SHBrMGVqWnpNR0lvTEw0QUxDY0cvR3ZFZ0ljd3dGa29MQk5GUkt5bklTaEV4TWd2OVNNdHFrOENSeGVGU1M4K1Q3YUJzaWhESXk5UHVWdXNKeitEY2gvOTQ5TWhCaTBTL0JwMXVJT2dUbEY0bExGMnFGelJUYk1iZ1UrcEhqNWZ2QnM5ckJzPQ==","checksum":"398d13622a4d109199eceef24122f0b7"}
06-05-2017 @ 02:23:06 - ::1{"data":"ZEZOcUkvbnlMV2NIR3Z6eWozd0l0T2QwTGhUU1g1TjBkSmM3SHBrMGVqWnpNR0lvTEw0QUxDY0cvR3ZFZ0ljd3dGa29MQk5GUkt5bklTaEV4TWd2OVNNdHFrOENSeGVGU1M4K1Q3YUJzaWhESXk5UHVWdXNKeitEY2gvOTQ5TWhCaTBTL0JwMXVJT2dUbEY0bExGMnFGelJUYk1iZ1UrcEhqNWZ2QnM5ckJzPQ==","checksum":"398d13622a4d109199eceef24122f0b7"}
06-05-2017 @ 02:23:06 - Cập nhật đơn hàng ID: 1872e8d9b91745719d034db17a61727e trạng thái Đợi người mua xác nhận trả góp tại ngân hàng
06-05-2017 @ 06:10:33 - Cập nhật đơn hàng ID: 105 trạng thái 
06-05-2017 @ 06:10:33 - token=>450778174409450591d5cc3ce5e5855b
06-05-2017 @ 06:10:33 - checkoutUrl=>http://test.alepay.vn/checkout/v1/450778174409450591d5cc3ce5e5855b/vi
06-05-2017 @ 06:10:54 - Cập nhật đơn hàng ID: 106 trạng thái 
06-05-2017 @ 06:10:54 - token=>77c3cabf23f04b8aa716186c88701132
06-05-2017 @ 06:10:54 - checkoutUrl=>http://test.alepay.vn/checkout/v1/77c3cabf23f04b8aa716186c88701132/vi
06-05-2017 @ 06:12:10 - Cập nhật đơn hàng ID: 107 trạng thái 
06-05-2017 @ 06:12:10 - token=>92ccc8e46fac41e68362352705abf1dc
06-05-2017 @ 06:12:10 - checkoutUrl=>http://test.alepay.vn/checkout/v1/92ccc8e46fac41e68362352705abf1dc/vi
06-05-2017 @ 06:13:15 - Cập nhật đơn hàng ID: 108 trạng thái 
06-05-2017 @ 06:13:40 - Cập nhật đơn hàng ID: 109 trạng thái 
06-05-2017 @ 06:16:05 - Cập nhật đơn hàng ID: 110 trạng thái 
06-05-2017 @ 06:16:41 - Cập nhật đơn hàng ID: 111 trạng thái 
06-05-2017 @ 06:17:26 - Cập nhật đơn hàng ID: 112 trạng thái 
06-05-2017 @ 06:17:26 - token=>260930b6f59a4188935a4f9fb27ea42a
06-05-2017 @ 06:17:26 - checkoutUrl=>http://test.alepay.vn/checkout/v1/260930b6f59a4188935a4f9fb27ea42a/vi
06-05-2017 @ 06:18:10 - ::1{"data":"VjMwYTZIaUhEdWQraytLRmxQK3lHakc2NDBWZkszdVAzZ3NSNGwrQ2kwd2tJZHdQTFlxTVZhZnZERVFWK2kwQTh4d1IwU2FuVWtFTmdxR29va2swa1VGZEUzRllUaXcvVjhuUzVaRkJSS3VaKy9VMmFZU0VQQXBJUUc2K0RkVTExS2tyUWZXYXBpQ2g3bjlhS3Evb0FtbGx1NEFSWmhFSzNxcDlpbFhpSUFrPQ==","checksum":"0d8460eaf5db54ccb4c0e5d5ca93cc0a"}
06-05-2017 @ 06:18:27 - ::1{"data":"VjMwYTZIaUhEdWQraytLRmxQK3lHakc2NDBWZkszdVAzZ3NSNGwrQ2kwd2tJZHdQTFlxTVZhZnZERVFWK2kwQTh4d1IwU2FuVWtFTmdxR29va2swa1VGZEUzRllUaXcvVjhuUzVaRkJSS3VaKy9VMmFZU0VQQXBJUUc2K0RkVTExS2tyUWZXYXBpQ2g3bjlhS3Evb0FtbGx1NEFSWmhFSzNxcDlpbFhpSUFrPQ==","checksum":"0d8460eaf5db54ccb4c0e5d5ca93cc0a"}
06-05-2017 @ 06:19:15 - ::1{"data":"VjMwYTZIaUhEdWQraytLRmxQK3lHakc2NDBWZkszdVAzZ3NSNGwrQ2kwd2tJZHdQTFlxTVZhZnZERVFWK2kwQTh4d1IwU2FuVWtFTmdxR29va2swa1VGZEUzRllUaXcvVjhuUzVaRkJSS3VaKy9VMmFZU0VQQXBJUUc2K0RkVTExS2tyUWZXYXBpQ2g3bjlhS3Evb0FtbGx1NEFSWmhFSzNxcDlpbFhpSUFrPQ==","checksum":"0d8460eaf5db54ccb4c0e5d5ca93cc0a"}
06-05-2017 @ 06:20:23 - ::1{"data":"VjMwYTZIaUhEdWQraytLRmxQK3lHakc2NDBWZkszdVAzZ3NSNGwrQ2kwd2tJZHdQTFlxTVZhZnZERVFWK2kwQTh4d1IwU2FuVWtFTmdxR29va2swa1VGZEUzRllUaXcvVjhuUzVaRkJSS3VaKy9VMmFZU0VQQXBJUUc2K0RkVTExS2tyUWZXYXBpQ2g3bjlhS3Evb0FtbGx1NEFSWmhFSzNxcDlpbFhpSUFrPQ==","checksum":"0d8460eaf5db54ccb4c0e5d5ca93cc0a"}
06-05-2017 @ 06:21:05 - ::1{"data":"VjMwYTZIaUhEdWQraytLRmxQK3lHakc2NDBWZkszdVAzZ3NSNGwrQ2kwd2tJZHdQTFlxTVZhZnZERVFWK2kwQTh4d1IwU2FuVWtFTmdxR29va2swa1VGZEUzRllUaXcvVjhuUzVaRkJSS3VaKy9VMmFZU0VQQXBJUUc2K0RkVTExS2tyUWZXYXBpQ2g3bjlhS3Evb0FtbGx1NEFSWmhFSzNxcDlpbFhpSUFrPQ==","checksum":"0d8460eaf5db54ccb4c0e5d5ca93cc0a"}
06-05-2017 @ 06:21:54 - Cập nhật đơn hàng ID: 113 trạng thái 
06-05-2017 @ 06:21:54 - token=>d1a2416fcd214e7ca1daf4a2635c0792
06-05-2017 @ 06:21:54 - checkoutUrl=>http://test.alepay.vn/checkout/v1/d1a2416fcd214e7ca1daf4a2635c0792/vi
06-05-2017 @ 06:40:17 - Cập nhật đơn hàng ID: 114 trạng thái 
06-05-2017 @ 06:40:17 - token=>fc821b98ba904c91844ea025dff8d26a
06-05-2017 @ 06:40:17 - checkoutUrl=>http://test.alepay.vn/checkout/v1/fc821b98ba904c91844ea025dff8d26a/vi
06-05-2017 @ 06:42:13 - ::1{"data":"Um55Q2c5WndWOGVlV0tscElUUEFhRHpSNjFob3NNVVZRZ0MyUHFIZGFYWmtOcHdyK1B0U0hHcnlNUWQxLzM3N1lKMnIvajhvNDUxQjlXNTUzWmdDbVFSblM1amNoRFIybElld2U2UGJybjZMd2dCOWlvdzlXQjZkWXBpcnN1SytyeEVsTDZJYSt6eVJ5YUhhaDhBNk1jK0hRcUZ2Y3hPbkU4VzJodmxpWmRvPQ==","checksum":"c7cdf527a97ea9e22bc99ba4b0b381e9"}
06-05-2017 @ 06:43:35 - ::1{"data":"Um55Q2c5WndWOGVlV0tscElUUEFhRHpSNjFob3NNVVZRZ0MyUHFIZGFYWmtOcHdyK1B0U0hHcnlNUWQxLzM3N1lKMnIvajhvNDUxQjlXNTUzWmdDbVFSblM1amNoRFIybElld2U2UGJybjZMd2dCOWlvdzlXQjZkWXBpcnN1SytyeEVsTDZJYSt6eVJ5YUhhaDhBNk1jK0hRcUZ2Y3hPbkU4VzJodmxpWmRvPQ==","checksum":"c7cdf527a97ea9e22bc99ba4b0b381e9"}
06-05-2017 @ 06:43:39 - ::1{"data":"Um55Q2c5WndWOGVlV0tscElUUEFhRHpSNjFob3NNVVZRZ0MyUHFIZGFYWmtOcHdyK1B0U0hHcnlNUWQxLzM3N1lKMnIvajhvNDUxQjlXNTUzWmdDbVFSblM1amNoRFIybElld2U2UGJybjZMd2dCOWlvdzlXQjZkWXBpcnN1SytyeEVsTDZJYSt6eVJ5YUhhaDhBNk1jK0hRcUZ2Y3hPbkU4VzJodmxpWmRvPQ==","checksum":"c7cdf527a97ea9e22bc99ba4b0b381e9"}
06-05-2017 @ 06:44:36 - ::1{"data":"Um55Q2c5WndWOGVlV0tscElUUEFhRHpSNjFob3NNVVZRZ0MyUHFIZGFYWmtOcHdyK1B0U0hHcnlNUWQxLzM3N1lKMnIvajhvNDUxQjlXNTUzWmdDbVFSblM1amNoRFIybElld2U2UGJybjZMd2dCOWlvdzlXQjZkWXBpcnN1SytyeEVsTDZJYSt6eVJ5YUhhaDhBNk1jK0hRcUZ2Y3hPbkU4VzJodmxpWmRvPQ==","checksum":"c7cdf527a97ea9e22bc99ba4b0b381e9"}
06-05-2017 @ 06:45:05 - ::1{"data":"Um55Q2c5WndWOGVlV0tscElUUEFhRHpSNjFob3NNVVZRZ0MyUHFIZGFYWmtOcHdyK1B0U0hHcnlNUWQxLzM3N1lKMnIvajhvNDUxQjlXNTUzWmdDbVFSblM1amNoRFIybElld2U2UGJybjZMd2dCOWlvdzlXQjZkWXBpcnN1SytyeEVsTDZJYSt6eVJ5YUhhaDhBNk1jK0hRcUZ2Y3hPbkU4VzJodmxpWmRvPQ==","checksum":"c7cdf527a97ea9e22bc99ba4b0b381e9"}
06-05-2017 @ 06:45:17 - ::1{"data":"Um55Q2c5WndWOGVlV0tscElUUEFhRHpSNjFob3NNVVZRZ0MyUHFIZGFYWmtOcHdyK1B0U0hHcnlNUWQxLzM3N1lKMnIvajhvNDUxQjlXNTUzWmdDbVFSblM1amNoRFIybElld2U2UGJybjZMd2dCOWlvdzlXQjZkWXBpcnN1SytyeEVsTDZJYSt6eVJ5YUhhaDhBNk1jK0hRcUZ2Y3hPbkU4VzJodmxpWmRvPQ==","checksum":"c7cdf527a97ea9e22bc99ba4b0b381e9"}
06-05-2017 @ 06:45:54 - ::1{"data":"Um55Q2c5WndWOGVlV0tscElUUEFhRHpSNjFob3NNVVZRZ0MyUHFIZGFYWmtOcHdyK1B0U0hHcnlNUWQxLzM3N1lKMnIvajhvNDUxQjlXNTUzWmdDbVFSblM1amNoRFIybElld2U2UGJybjZMd2dCOWlvdzlXQjZkWXBpcnN1SytyeEVsTDZJYSt6eVJ5YUhhaDhBNk1jK0hRcUZ2Y3hPbkU4VzJodmxpWmRvPQ==","checksum":"c7cdf527a97ea9e22bc99ba4b0b381e9"}
06-05-2017 @ 06:45:58 - ::1{"data":"Um55Q2c5WndWOGVlV0tscElUUEFhRHpSNjFob3NNVVZRZ0MyUHFIZGFYWmtOcHdyK1B0U0hHcnlNUWQxLzM3N1lKMnIvajhvNDUxQjlXNTUzWmdDbVFSblM1amNoRFIybElld2U2UGJybjZMd2dCOWlvdzlXQjZkWXBpcnN1SytyeEVsTDZJYSt6eVJ5YUhhaDhBNk1jK0hRcUZ2Y3hPbkU4VzJodmxpWmRvPQ==","checksum":"c7cdf527a97ea9e22bc99ba4b0b381e9"}
06-05-2017 @ 06:46:10 - ::1{"data":"Um55Q2c5WndWOGVlV0tscElUUEFhRHpSNjFob3NNVVZRZ0MyUHFIZGFYWmtOcHdyK1B0U0hHcnlNUWQxLzM3N1lKMnIvajhvNDUxQjlXNTUzWmdDbVFSblM1amNoRFIybElld2U2UGJybjZMd2dCOWlvdzlXQjZkWXBpcnN1SytyeEVsTDZJYSt6eVJ5YUhhaDhBNk1jK0hRcUZ2Y3hPbkU4VzJodmxpWmRvPQ==","checksum":"c7cdf527a97ea9e22bc99ba4b0b381e9"}
06-05-2017 @ 06:48:45 - ::1{"data":"Um55Q2c5WndWOGVlV0tscElUUEFhRHpSNjFob3NNVVZRZ0MyUHFIZGFYWmtOcHdyK1B0U0hHcnlNUWQxLzM3N1lKMnIvajhvNDUxQjlXNTUzWmdDbVFSblM1amNoRFIybElld2U2UGJybjZMd2dCOWlvdzlXQjZkWXBpcnN1SytyeEVsTDZJYSt6eVJ5YUhhaDhBNk1jK0hRcUZ2Y3hPbkU4VzJodmxpWmRvPQ==","checksum":"c7cdf527a97ea9e22bc99ba4b0b381e9"}
06-05-2017 @ 06:49:29 - ::1{"data":"Um55Q2c5WndWOGVlV0tscElUUEFhRHpSNjFob3NNVVZRZ0MyUHFIZGFYWmtOcHdyK1B0U0hHcnlNUWQxLzM3N1lKMnIvajhvNDUxQjlXNTUzWmdDbVFSblM1amNoRFIybElld2U2UGJybjZMd2dCOWlvdzlXQjZkWXBpcnN1SytyeEVsTDZJYSt6eVJ5YUhhaDhBNk1jK0hRcUZ2Y3hPbkU4VzJodmxpWmRvPQ==","checksum":"c7cdf527a97ea9e22bc99ba4b0b381e9"}
06-05-2017 @ 06:50:39 - ::1{"data":"Um55Q2c5WndWOGVlV0tscElUUEFhRHpSNjFob3NNVVZRZ0MyUHFIZGFYWmtOcHdyK1B0U0hHcnlNUWQxLzM3N1lKMnIvajhvNDUxQjlXNTUzWmdDbVFSblM1amNoRFIybElld2U2UGJybjZMd2dCOWlvdzlXQjZkWXBpcnN1SytyeEVsTDZJYSt6eVJ5YUhhaDhBNk1jK0hRcUZ2Y3hPbkU4VzJodmxpWmRvPQ==","checksum":"c7cdf527a97ea9e22bc99ba4b0b381e9"}
06-05-2017 @ 06:50:55 - ::1{"data":"Um55Q2c5WndWOGVlV0tscElUUEFhRHpSNjFob3NNVVZRZ0MyUHFIZGFYWmtOcHdyK1B0U0hHcnlNUWQxLzM3N1lKMnIvajhvNDUxQjlXNTUzWmdDbVFSblM1amNoRFIybElld2U2UGJybjZMd2dCOWlvdzlXQjZkWXBpcnN1SytyeEVsTDZJYSt6eVJ5YUhhaDhBNk1jK0hRcUZ2Y3hPbkU4VzJodmxpWmRvPQ==","checksum":"c7cdf527a97ea9e22bc99ba4b0b381e9"}
06-05-2017 @ 06:50:55 - Cập nhật đơn hàng ID: fc821b98ba904c91844ea025dff8d26a trạng thái Đợi người mua xác nhận trả góp tại ngân hàng
06-05-2017 @ 06:57:15 - Cập nhật đơn hàng ID: 115 trạng thái 
06-05-2017 @ 06:57:15 - token=>975bd3eeb2514412a3bed9fcd4058ced
06-05-2017 @ 06:57:15 - checkoutUrl=>http://test.alepay.vn/checkout/v1/975bd3eeb2514412a3bed9fcd4058ced/vi
06-05-2017 @ 06:57:51 - ::1{"data":"SXVkRXVyMGJRUloyb2hqUWo3WWF6dS9vSkYrMGpiV2dOQ3lFQUhuZzNXZnArUGV0WkQ2ZVlZdFVOUzlOOUtOSVdhWGN3NW5QWWNNNnY3YTQ0eE9DTXNFM3kyNTRCdjhVek4yQzlWdnUwRkx3WjhZRmQ2L3IvaHZOa3pWRlQ2d0NIUWV6SG43YlNPcU1jaU1DN3pRUnYrTTBWME05dGJ0SkRIbVZXVmtxd2ZrPQ==","checksum":"6fe4e0feadaa3ed76a0a7fb60b734ff7"}
06-05-2017 @ 06:58:52 - ::1{"data":"SXVkRXVyMGJRUloyb2hqUWo3WWF6dS9vSkYrMGpiV2dOQ3lFQUhuZzNXZnArUGV0WkQ2ZVlZdFVOUzlOOUtOSVdhWGN3NW5QWWNNNnY3YTQ0eE9DTXNFM3kyNTRCdjhVek4yQzlWdnUwRkx3WjhZRmQ2L3IvaHZOa3pWRlQ2d0NIUWV6SG43YlNPcU1jaU1DN3pRUnYrTTBWME05dGJ0SkRIbVZXVmtxd2ZrPQ==","checksum":"6fe4e0feadaa3ed76a0a7fb60b734ff7"}
06-05-2017 @ 06:58:53 - Cập nhật đơn hàng ID:  trạng thái Đợi người mua xác nhận trả góp tại ngân hàng
06-05-2017 @ 06:59:10 - Cập nhật đơn hàng ID: 116 trạng thái 
06-05-2017 @ 06:59:10 - token=>900df6541c614eaba39f895b70ac4b3c
06-05-2017 @ 06:59:10 - checkoutUrl=>http://test.alepay.vn/checkout/v1/900df6541c614eaba39f895b70ac4b3c/vi
06-05-2017 @ 07:00:03 - ::1{"data":"Y2tkMjBDYkU3YnNmNWJWUmRJUk1rUTJEVDQ4OTdkV1FXeUFTRXNhMzcweVcyMDFjWUdtQm5pSi9ocnVFcldDVlk3Q08wTTVoUWs0ZkNZeWlaRFFBenlOWVpxcEk5Q1JQbnE4U3NwVjRJUzZhM3BsMWZFbnJGZEc4UEEydWtmWUlHQWxFZFhjU2lTZ3FXZkl4aFo2Zm1OZkxXWWR5NTFXVXRFRGNiYW16eHVFPQ==","checksum":"304ddf151dc8aade829b36d5b83d23db"}
06-05-2017 @ 07:00:04 - Cập nhật đơn hàng ID:  trạng thái Đợi người mua xác nhận trả góp tại ngân hàng
06-05-2017 @ 07:02:59 - Cập nhật đơn hàng ID: 117 trạng thái 
06-05-2017 @ 07:02:59 - token=>52c631f3ef174b489db3fbb66062021b
06-05-2017 @ 07:02:59 - checkoutUrl=>http://test.alepay.vn/checkout/v1/52c631f3ef174b489db3fbb66062021b/vi
06-05-2017 @ 07:03:35 - ::1{"data":"QzZCZ0gzSCs1RGFuVEJVZnozSjZIQVJ0ZndTM2RNTmZlK3dPVzdXaUdEWUhVdjA2bjZQaC85Q29ScE56K1R3M0o0OTgrckIxWU9ubzRicmlRSEFEZjhpc1FFenZ1OXEyTnowN0RBVE9mbEIrRzJET0hmRFpudWI1MzNmSlV3WHEvcm1uZkUzbGNjd2I3ZmoxNHQ2eGJEN1BRMWI5cUh1V0ZyZnRpZ2xENTZZPQ==","checksum":"b35dd8700d83266e03abf08c9077125e"}
06-05-2017 @ 07:03:36 - Cập nhật đơn hàng ID:  trạng thái Đợi người mua xác nhận trả góp tại ngân hàng
06-05-2017 @ 07:09:25 - Cập nhật đơn hàng ID: 118 trạng thái 
06-05-2017 @ 07:09:25 - token=>b35da917c3974bd4aea4892b1b3d3215
06-05-2017 @ 07:09:25 - checkoutUrl=>http://test.alepay.vn/checkout/v1/b35da917c3974bd4aea4892b1b3d3215/vi
06-05-2017 @ 07:10:22 - ::1{"data":"RWFaVldaTWdGcDZ6MnJ0TWtjU1lDa3pJbmZ1M1UzdGlxVVlVdEZCM1MvaElzcXFMZkpXenlyeTBvMGh5Tnhob3FiRUpqYkNLbzMvV3o2OFBoZ1RnL0dqKzViOUthdlgyYmJhQVZ3UnV5eFJIbmJuT3UzOERIK3ZKV3AyWFdWcEMweXg4Q29ZMnhpSzdKQ002VFZpZFpIQzZFQStkNXdnU0ovYVZCVkdHTTlNPQ==","checksum":"325db613d9aff0da45d224b8a4da1275"}
06-05-2017 @ 07:10:24 - ::1{"data":"RWFaVldaTWdGcDZ6MnJ0TWtjU1lDa3pJbmZ1M1UzdGlxVVlVdEZCM1MvaElzcXFMZkpXenlyeTBvMGh5Tnhob3FiRUpqYkNLbzMvV3o2OFBoZ1RnL0dqKzViOUthdlgyYmJhQVZ3UnV5eFJIbmJuT3UzOERIK3ZKV3AyWFdWcEMweXg4Q29ZMnhpSzdKQ002VFZpZFpIQzZFQStkNXdnU0ovYVZCVkdHTTlNPQ==","checksum":"325db613d9aff0da45d224b8a4da1275"}
06-05-2017 @ 07:10:26 - Cập nhật đơn hàng ID: 118 trạng thái Đợi người mua xác nhận trả góp tại ngân hàng
06-05-2017 @ 07:10:28 - Cập nhật đơn hàng ID: 118 trạng thái Đợi người mua xác nhận trả góp tại ngân hàng
06-05-2017 @ 07:12:52 - Cập nhật đơn hàng ID: 119 trạng thái 
06-05-2017 @ 07:12:52 - token=>c4daad0ec14844a099d7abe0e98b75ee
06-05-2017 @ 07:12:52 - checkoutUrl=>http://test.alepay.vn/checkout/v1/c4daad0ec14844a099d7abe0e98b75ee/vi
06-05-2017 @ 07:13:30 - ::1{"data":"Yi9CQ3gybDgrSGF1c3IrYWpzWk0rNzZaMEZDa0ViK3poOWhYNjJtdzF0THoyZTdnZnAvRTBwcjhSajFURVZvMDM3Y09SaS9XTHAveDh5WDFRMXBCWDI5V254WFNFc2pEblJOYTNUYmZCSGx5RFh3K2F6M2tyaHFCbk42S2ZrSFV2d3JrVVNwNk9KelpERzNTSlNMYnVMWFNGOVdSL1dMclVRcVRtTzJUVlZFPQ==","checksum":"6632bf47a1acfe1f83775daa5a64cf3e"}
06-05-2017 @ 07:13:32 - Cập nhật đơn hàng ID: 119 trạng thái Đợi người mua xác nhận trả góp tại ngân hàng
06-06-2017 @ 04:17:55 - Cập nhật đơn hàng ID: 120 trạng thái 
06-06-2017 @ 04:17:55 - token=>6035212ab16041d6bac9e5cba2ee8790
06-06-2017 @ 04:17:55 - checkoutUrl=>http://test.alepay.vn/checkout/v1/6035212ab16041d6bac9e5cba2ee8790/vi
06-06-2017 @ 04:20:22 - Cập nhật đơn hàng ID: 121 trạng thái 
06-06-2017 @ 04:20:22 - token=>c7c150030d6f42ca8d785c981a294f3a
06-06-2017 @ 04:20:22 - checkoutUrl=>http://test.alepay.vn/checkout/v1/c7c150030d6f42ca8d785c981a294f3a/vi
06-06-2017 @ 04:21:19 - ::1{"data":"ZDBXRVE5TVpDdUxmTkZpQ1IzNnJGQk5maUdFS2QrclAyWjJvVUlzU0kzVmorQmNuUUxTNXJMeVBPcHZZeFc3WTlkUWxrajI1RTJUdnBKZUlKRmdWQzRPMk5McHJ5cUJiTFhtR3oyeWxMVHlSOU0wUkZMY1Zxd0o1OHhiYUxETHkyK3pHckNneGczQThIRElnQlpyOUU0cTE4MUFqTXkzSmZGR3lBNXlFMVNzPQ==","checksum":"95e2ce833ba47a445833842418cdd655"}
06-06-2017 @ 04:21:20 - Cập nhật đơn hàng ID: 121 trạng thái Đợi người mua xác nhận trả góp tại ngân hàng
06-06-2017 @ 04:21:21 - ::1{"data":"ZDBXRVE5TVpDdUxmTkZpQ1IzNnJGQk5maUdFS2QrclAyWjJvVUlzU0kzVmorQmNuUUxTNXJMeVBPcHZZeFc3WTlkUWxrajI1RTJUdnBKZUlKRmdWQzRPMk5McHJ5cUJiTFhtR3oyeWxMVHlSOU0wUkZMY1Zxd0o1OHhiYUxETHkyK3pHckNneGczQThIRElnQlpyOUU0cTE4MUFqTXkzSmZGR3lBNXlFMVNzPQ==","checksum":"95e2ce833ba47a445833842418cdd655"}
06-06-2017 @ 04:21:21 - Cập nhật đơn hàng ID: 121 trạng thái Đợi người mua xác nhận trả góp tại ngân hàng
06-06-2017 @ 04:38:24 - Cập nhật đơn hàng ID: 122 trạng thái 
06-06-2017 @ 04:38:59 - Cập nhật đơn hàng ID: 123 trạng thái 
06-06-2017 @ 06:14:32 - Cập nhật đơn hàng ID: 127 trạng thái 
06-06-2017 @ 08:08:33 - Cập nhật đơn hàng ID: 129 trạng thái 
